Copyright 1986-2020 Xilinx, Inc. All Rights Reserved.
----------------------------------------------------------------------------------------------------------------------------------------------------------------
| Tool Version     : Vivado v.2020.1 (win64) Build 2902540 Wed May 27 19:54:49 MDT 2020
| Date             : Fri Jun 26 18:44:58 2020
| Host             : DESKTOP-N84G71E running 64-bit major release  (build 9200)
| Command          : report_power -file mc_top_wrapper_power_routed.rpt -pb mc_top_wrapper_power_summary_routed.pb -rpx mc_top_wrapper_power_routed.rpx
| Design           : mc_top_wrapper
| Device           : xc7s50csga324-1
| Design State     : routed
| Grade            : commercial
| Process          : typical
| Characterization : Production
----------------------------------------------------------------------------------------------------------------------------------------------------------------

Power Report

Table of Contents
-----------------
1. Summary
1.1 On-Chip Components
1.2 Power Supply Summary
1.3 Confidence Level
2. Settings
2.1 Environment
2.2 Clock Constraints
3. Detailed Reports
3.1 By Hierarchy

1. Summary
----------

+--------------------------+--------------+
| Total On-Chip Power (W)  | 0.315        |
| Design Power Budget (W)  | Unspecified* |
| Power Budget Margin (W)  | NA           |
| Dynamic (W)              | 0.243        |
| Device Static (W)        | 0.071        |
| Effective TJA (C/W)      | 4.9          |
| Max Ambient (C)          | 83.4         |
| Junction Temperature (C) | 26.6         |
| Confidence Level         | Medium       |
| Setting File             | ---          |
| Simulation Activity File | ---          |
| Design Nets Matched      | NA           |
+--------------------------+--------------+
* Specify Design Power Budget using, set_operating_conditions -design_power_budget <value in Watts>


1.1 On-Chip Components
----------------------

+--------------------------+-----------+----------+-----------+-----------------+
| On-Chip                  | Power (W) | Used     | Available | Utilization (%) |
+--------------------------+-----------+----------+-----------+-----------------+
| Clocks                   |     0.016 |        9 |       --- |             --- |
| Slice Logic              |     0.019 |    15516 |       --- |             --- |
|   LUT as Logic           |     0.018 |     6414 |     32600 |           19.67 |
|   F7/F8 Muxes            |    <0.001 |      708 |     32600 |            2.17 |
|   Register               |    <0.001 |     5994 |     65200 |            9.19 |
|   CARRY4                 |    <0.001 |      122 |      8150 |            1.50 |
|   LUT as Distributed RAM |    <0.001 |      736 |      9600 |            7.67 |
|   LUT as Shift Register  |    <0.001 |       46 |      9600 |            0.48 |
|   BUFG                   |    <0.001 |        1 |        32 |            3.13 |
|   Others                 |     0.000 |      435 |       --- |             --- |
| Signals                  |     0.033 |    12289 |       --- |             --- |
| Block RAM                |     0.053 |       48 |        75 |           64.00 |
| MMCM                     |     0.122 |        1 |         5 |           20.00 |
| I/O                      |    <0.001 |        2 |       210 |            0.95 |
| Static Power             |     0.071 |          |           |                 |
| Total                    |     0.315 |          |           |                 |
+--------------------------+-----------+----------+-----------+-----------------+


1.2 Power Supply Summary
------------------------

+-----------+-------------+-----------+-------------+------------+-------------+-------------+------------+
| Source    | Voltage (V) | Total (A) | Dynamic (A) | Static (A) | Powerup (A) | Budget (A)  | Margin (A) |
+-----------+-------------+-----------+-------------+------------+-------------+-------------+------------+
| Vccint    |       1.000 |     0.129 |       0.118 |      0.011 |       NA    | Unspecified | NA         |
| Vccaux    |       1.800 |     0.080 |       0.068 |      0.013 |       NA    | Unspecified | NA         |
| Vcco33    |       3.300 |     0.000 |       0.000 |      0.000 |       NA    | Unspecified | NA         |
| Vcco25    |       2.500 |     0.000 |       0.000 |      0.000 |       NA    | Unspecified | NA         |
| Vcco18    |       1.800 |     0.000 |       0.000 |      0.000 |       NA    | Unspecified | NA         |
| Vcco15    |       1.500 |     0.000 |       0.000 |      0.000 |       NA    | Unspecified | NA         |
| Vcco135   |       1.350 |     0.000 |       0.000 |      0.000 |       NA    | Unspecified | NA         |
| Vcco12    |       1.200 |     0.000 |       0.000 |      0.000 |       NA    | Unspecified | NA         |
| Vccaux_io |       1.800 |     0.000 |       0.000 |      0.000 |       NA    | Unspecified | NA         |
| Vccbram   |       1.000 |     0.005 |       0.004 |      0.001 |       NA    | Unspecified | NA         |
| Vccadc    |       1.800 |     0.020 |       0.000 |      0.020 |       NA    | Unspecified | NA         |
+-----------+-------------+-----------+-------------+------------+-------------+-------------+------------+


1.3 Confidence Level
--------------------

+-----------------------------+------------+-------------------------------------------------------+------------------------------------------------------------------------------------------------------------+
| User Input Data             | Confidence | Details                                               | Action                                                                                                     |
+-----------------------------+------------+-------------------------------------------------------+------------------------------------------------------------------------------------------------------------+
| Design implementation state | High       | Design is routed                                      |                                                                                                            |
| Clock nodes activity        | High       | User specified more than 95% of clocks                |                                                                                                            |
| I/O nodes activity          | Medium     | More than 5% of inputs are missing user specification | Provide missing input activity with simulation results or by editing the "By Resource Type -> I/Os" view   |
| Internal nodes activity     | Medium     | User specified less than 25% of internal nodes        | Provide missing internal nodes activity with simulation results or by editing the "By Resource Type" views |
| Device models               | High       | Device models are Production                          |                                                                                                            |
|                             |            |                                                       |                                                                                                            |
| Overall confidence level    | Medium     |                                                       |                                                                                                            |
+-----------------------------+------------+-------------------------------------------------------+------------------------------------------------------------------------------------------------------------+


2. Settings
-----------

2.1 Environment
---------------

+-----------------------+--------------------------+
| Ambient Temp (C)      | 25.0                     |
| ThetaJA (C/W)         | 4.9                      |
| Airflow (LFM)         | 250                      |
| Heat Sink             | medium (Medium Profile)  |
| ThetaSA (C/W)         | 4.6                      |
| Board Selection       | medium (10"x10")         |
| # of Board Layers     | 12to15 (12 to 15 Layers) |
| Board Temperature (C) | 25.0                     |
+-----------------------+--------------------------+


2.2 Clock Constraints
---------------------

+--------------------------------------------------------------------------------------------+----------------------------------------------------------------------+-----------------+
| Clock                                                                                      | Domain                                                               | Constraint (ns) |
+--------------------------------------------------------------------------------------------+----------------------------------------------------------------------+-----------------+
| clk_out1_mc_top_clk_wiz_0                                                                  | mc_top_i/clk_wiz/inst/clk_out1_mc_top_clk_wiz_0                      |            13.3 |
| clk_out1_mc_top_clk_wiz_0_1                                                                | mc_top_i/clk_wiz/inst/clk_out1_mc_top_clk_wiz_0                      |            13.3 |
| clkfbout_mc_top_clk_wiz_0                                                                  | mc_top_i/clk_wiz/inst/clkfbout_mc_top_clk_wiz_0                      |            40.0 |
| clkfbout_mc_top_clk_wiz_0_1                                                                | mc_top_i/clk_wiz/inst/clkfbout_mc_top_clk_wiz_0                      |            40.0 |
| dbg_hub/inst/BSCANID.u_xsdbm_id/SWITCH_N_EXT_BSCAN.bscan_inst/SERIES7_BSCAN.bscan_inst/TCK | dbg_hub/inst/BSCANID.u_xsdbm_id/SWITCH_N_EXT_BSCAN.bscan_inst/tck_bs |            33.0 |
| ddr_clock                                                                                  | ddr_clock                                                            |            10.0 |
| sys_clk_pin                                                                                | ddr_clock                                                            |            10.0 |
+--------------------------------------------------------------------------------------------+----------------------------------------------------------------------+-----------------+


3. Detailed Reports
-------------------

3.1 By Hierarchy
----------------

+--------------------------+-----------+
| Name                     | Power (W) |
+--------------------------+-----------+
| mc_top_wrapper           |     0.243 |
|   dbg_hub                |     0.002 |
|     inst                 |     0.002 |
|       BSCANID.u_xsdbm_id |     0.002 |
|   mc_top_i               |     0.241 |
|     axi_interconnect_0   |     0.003 |
|       xbar               |     0.003 |
|     clk_wiz              |     0.122 |
|       inst               |     0.122 |
|     core_top_wrapper_0   |     0.090 |
|       inst               |     0.090 |
|     data_mem             |     0.005 |
|       U0                 |     0.005 |
|     data_mem_ctrl        |     0.002 |
|       U0                 |     0.002 |
|     instr_mem_ctrl       |     0.001 |
|       U0                 |     0.001 |
|     jtag_master          |     0.007 |
|       inst               |     0.007 |
|     spare_mem            |     0.008 |
|       U0                 |     0.008 |
|     spare_memory         |     0.002 |
|       U0                 |     0.002 |
+--------------------------+-----------+


