Copyright 1986-2018 Xilinx, Inc. All Rights Reserved.
--------------------------------------------------------------------------------------------------------------------------------------------------------------------------------
| Tool Version : Vivado v.2018.3 (win64) Build 2405991 Thu Dec  6 23:38:27 MST 2018
| Date         : Thu Nov 21 21:18:11 2019
| Host         : Drew running 64-bit major release  (build 9200)
| Command      : report_methodology -file mc_top_wrapper_methodology_drc_routed.rpt -pb mc_top_wrapper_methodology_drc_routed.pb -rpx mc_top_wrapper_methodology_drc_routed.rpx
| Design       : mc_top_wrapper
| Device       : xc7s50csga324-1
| Speed File   : -1
| Design State : Fully Routed
--------------------------------------------------------------------------------------------------------------------------------------------------------------------------------

Report Methodology

Table of Contents
-----------------
1. REPORT SUMMARY
2. REPORT DETAILS

1. REPORT SUMMARY
-----------------
            Netlist: netlist
          Floorplan: design_1
      Design limits: <entire design considered>
             Max violations: <unlimited>
             Violations found: 146
+-----------+----------+-------------------------------------------------+------------+
| Rule      | Severity | Description                                     | Violations |
+-----------+----------+-------------------------------------------------+------------+
| LUTAR-1   | Warning  | LUT drives async reset alert                    | 4          |
| PDRC-190  | Warning  | Suboptimally placed synchronized register chain | 10         |
| TIMING-6  | Warning  | No common primary clock between related clocks  | 2          |
| TIMING-16 | Warning  | Large setup violation                           | 83         |
| TIMING-18 | Warning  | Missing input or output delay                   | 3          |
| TIMING-20 | Warning  | Non-clocked latch                               | 32         |
| TIMING-38 | Warning  | Bus skew constraint applied on multiple clocks  | 12         |
+-----------+----------+-------------------------------------------------+------------+

2. REPORT DETAILS
-----------------
LUTAR-1#1 Warning
LUT drives async reset alert  
LUT cell dbg_hub/inst/BSCANID.u_xsdbm_id/CORE_XSDB.UUT_MASTER/U_ICON_INTERFACE/U_CMD6_RD/U_RD_FIFO/SUBCORE_FIFO.xsdbm_v3_0_0_rdfifo_inst/inst_fifo_gen/gconvfifo.rf/grf.rf/rstblk/ngwrdrst.grst.g7serrst.gwrrd_rst_sync_stage[2].rrst_inst/ngwrdrst.grst.g7serrst.rd_rst_reg[2]_i_1, with 2 or more inputs, drives asynchronous preset/clear pin(s) dbg_hub/inst/BSCANID.u_xsdbm_id/CORE_XSDB.UUT_MASTER/U_ICON_INTERFACE/U_CMD6_RD/U_RD_FIFO/SUBCORE_FIFO.xsdbm_v3_0_0_rdfifo_inst/inst_fifo_gen/gconvfifo.rf/grf.rf/rstblk/ngwrdrst.grst.g7serrst.rd_rst_reg_reg[0]/PRE, dbg_hub/inst/BSCANID.u_xsdbm_id/CORE_XSDB.UUT_MASTER/U_ICON_INTERFACE/U_CMD6_RD/U_RD_FIFO/SUBCORE_FIFO.xsdbm_v3_0_0_rdfifo_inst/inst_fifo_gen/gconvfifo.rf/grf.rf/rstblk/ngwrdrst.grst.g7serrst.rd_rst_reg_reg[1]/PRE, dbg_hub/inst/BSCANID.u_xsdbm_id/CORE_XSDB.UUT_MASTER/U_ICON_INTERFACE/U_CMD6_RD/U_RD_FIFO/SUBCORE_FIFO.xsdbm_v3_0_0_rdfifo_inst/inst_fifo_gen/gconvfifo.rf/grf.rf/rstblk/ngwrdrst.grst.g7serrst.rd_rst_reg_reg[2]/PRE. The LUT may glitch and trigger an unexpected reset, even if it is a properly timed path.
Related violations: <none>

LUTAR-1#2 Warning
LUT drives async reset alert  
LUT cell dbg_hub/inst/BSCANID.u_xsdbm_id/CORE_XSDB.UUT_MASTER/U_ICON_INTERFACE/U_CMD6_RD/U_RD_FIFO/SUBCORE_FIFO.xsdbm_v3_0_0_rdfifo_inst/inst_fifo_gen/gconvfifo.rf/grf.rf/rstblk/ngwrdrst.grst.g7serrst.gwrrd_rst_sync_stage[2].wrst_inst/ngwrdrst.grst.g7serrst.wr_rst_reg[2]_i_1, with 2 or more inputs, drives asynchronous preset/clear pin(s) dbg_hub/inst/BSCANID.u_xsdbm_id/CORE_XSDB.UUT_MASTER/U_ICON_INTERFACE/U_CMD6_RD/U_RD_FIFO/SUBCORE_FIFO.xsdbm_v3_0_0_rdfifo_inst/inst_fifo_gen/gconvfifo.rf/grf.rf/rstblk/ngwrdrst.grst.g7serrst.wr_rst_reg_reg[0]/PRE, dbg_hub/inst/BSCANID.u_xsdbm_id/CORE_XSDB.UUT_MASTER/U_ICON_INTERFACE/U_CMD6_RD/U_RD_FIFO/SUBCORE_FIFO.xsdbm_v3_0_0_rdfifo_inst/inst_fifo_gen/gconvfifo.rf/grf.rf/rstblk/ngwrdrst.grst.g7serrst.wr_rst_reg_reg[1]/PRE, dbg_hub/inst/BSCANID.u_xsdbm_id/CORE_XSDB.UUT_MASTER/U_ICON_INTERFACE/U_CMD6_RD/U_RD_FIFO/SUBCORE_FIFO.xsdbm_v3_0_0_rdfifo_inst/inst_fifo_gen/gconvfifo.rf/grf.rf/rstblk/ngwrdrst.grst.g7serrst.wr_rst_reg_reg[2]/PRE. The LUT may glitch and trigger an unexpected reset, even if it is a properly timed path.
Related violations: <none>

LUTAR-1#3 Warning
LUT drives async reset alert  
LUT cell dbg_hub/inst/BSCANID.u_xsdbm_id/CORE_XSDB.UUT_MASTER/U_ICON_INTERFACE/U_CMD6_WR/U_WR_FIFO/SUBCORE_FIFO.xsdbm_v3_0_0_wrfifo_inst/inst_fifo_gen/gconvfifo.rf/grf.rf/rstblk/ngwrdrst.grst.g7serrst.gwrrd_rst_sync_stage[2].rrst_inst/ngwrdrst.grst.g7serrst.rd_rst_reg[2]_i_1, with 2 or more inputs, drives asynchronous preset/clear pin(s) dbg_hub/inst/BSCANID.u_xsdbm_id/CORE_XSDB.UUT_MASTER/U_ICON_INTERFACE/U_CMD6_WR/U_WR_FIFO/SUBCORE_FIFO.xsdbm_v3_0_0_wrfifo_inst/inst_fifo_gen/gconvfifo.rf/grf.rf/rstblk/ngwrdrst.grst.g7serrst.rd_rst_reg_reg[0]/PRE, dbg_hub/inst/BSCANID.u_xsdbm_id/CORE_XSDB.UUT_MASTER/U_ICON_INTERFACE/U_CMD6_WR/U_WR_FIFO/SUBCORE_FIFO.xsdbm_v3_0_0_wrfifo_inst/inst_fifo_gen/gconvfifo.rf/grf.rf/rstblk/ngwrdrst.grst.g7serrst.rd_rst_reg_reg[1]/PRE, dbg_hub/inst/BSCANID.u_xsdbm_id/CORE_XSDB.UUT_MASTER/U_ICON_INTERFACE/U_CMD6_WR/U_WR_FIFO/SUBCORE_FIFO.xsdbm_v3_0_0_wrfifo_inst/inst_fifo_gen/gconvfifo.rf/grf.rf/rstblk/ngwrdrst.grst.g7serrst.rd_rst_reg_reg[2]/PRE. The LUT may glitch and trigger an unexpected reset, even if it is a properly timed path.
Related violations: <none>

LUTAR-1#4 Warning
LUT drives async reset alert  
LUT cell dbg_hub/inst/BSCANID.u_xsdbm_id/CORE_XSDB.UUT_MASTER/U_ICON_INTERFACE/U_CMD6_WR/U_WR_FIFO/SUBCORE_FIFO.xsdbm_v3_0_0_wrfifo_inst/inst_fifo_gen/gconvfifo.rf/grf.rf/rstblk/ngwrdrst.grst.g7serrst.gwrrd_rst_sync_stage[2].wrst_inst/ngwrdrst.grst.g7serrst.wr_rst_reg[2]_i_1, with 2 or more inputs, drives asynchronous preset/clear pin(s) dbg_hub/inst/BSCANID.u_xsdbm_id/CORE_XSDB.UUT_MASTER/U_ICON_INTERFACE/U_CMD6_WR/U_WR_FIFO/SUBCORE_FIFO.xsdbm_v3_0_0_wrfifo_inst/inst_fifo_gen/gconvfifo.rf/grf.rf/rstblk/ngwrdrst.grst.g7serrst.wr_rst_reg_reg[0]/PRE, dbg_hub/inst/BSCANID.u_xsdbm_id/CORE_XSDB.UUT_MASTER/U_ICON_INTERFACE/U_CMD6_WR/U_WR_FIFO/SUBCORE_FIFO.xsdbm_v3_0_0_wrfifo_inst/inst_fifo_gen/gconvfifo.rf/grf.rf/rstblk/ngwrdrst.grst.g7serrst.wr_rst_reg_reg[1]/PRE, dbg_hub/inst/BSCANID.u_xsdbm_id/CORE_XSDB.UUT_MASTER/U_ICON_INTERFACE/U_CMD6_WR/U_WR_FIFO/SUBCORE_FIFO.xsdbm_v3_0_0_wrfifo_inst/inst_fifo_gen/gconvfifo.rf/grf.rf/rstblk/ngwrdrst.grst.g7serrst.wr_rst_reg_reg[2]/PRE. The LUT may glitch and trigger an unexpected reset, even if it is a properly timed path.
Related violations: <none>

PDRC-190#1 Warning
Suboptimally placed synchronized register chain  
The FDRE cell dbg_hub/inst/BSCANID.u_xsdbm_id/CORE_XSDB.UUT_MASTER/U_ICON_INTERFACE/U_CMD2/stat_reg_reg[0] in site SLICE_X29Y29 is part of a synchronized register chain that is suboptimally placed as the load FDRE cell dbg_hub/inst/BSCANID.u_xsdbm_id/CORE_XSDB.UUT_MASTER/U_ICON_INTERFACE/U_CMD2/stat_reg_1_reg[0] is not placed in the same (SLICE) site.
Related violations: <none>

PDRC-190#2 Warning
Suboptimally placed synchronized register chain  
The FDRE cell dbg_hub/inst/BSCANID.u_xsdbm_id/CORE_XSDB.UUT_MASTER/U_ICON_INTERFACE/U_CMD2/stat_reg_reg[1] in site SLICE_X31Y28 is part of a synchronized register chain that is suboptimally placed as the load FDRE cell dbg_hub/inst/BSCANID.u_xsdbm_id/CORE_XSDB.UUT_MASTER/U_ICON_INTERFACE/U_CMD2/stat_reg_1_reg[1] is not placed in the same (SLICE) site.
Related violations: <none>

PDRC-190#3 Warning
Suboptimally placed synchronized register chain  
The FDRE cell dbg_hub/inst/BSCANID.u_xsdbm_id/CORE_XSDB.UUT_MASTER/U_ICON_INTERFACE/U_CMD2/stat_reg_reg[2] in site SLICE_X29Y27 is part of a synchronized register chain that is suboptimally placed as the load FDRE cell dbg_hub/inst/BSCANID.u_xsdbm_id/CORE_XSDB.UUT_MASTER/U_ICON_INTERFACE/U_CMD2/stat_reg_1_reg[2] is not placed in the same (SLICE) site.
Related violations: <none>

PDRC-190#4 Warning
Suboptimally placed synchronized register chain  
The FDRE cell dbg_hub/inst/BSCANID.u_xsdbm_id/CORE_XSDB.UUT_MASTER/U_ICON_INTERFACE/U_CMD2/stat_reg_reg[3] in site SLICE_X30Y25 is part of a synchronized register chain that is suboptimally placed as the load FDRE cell dbg_hub/inst/BSCANID.u_xsdbm_id/CORE_XSDB.UUT_MASTER/U_ICON_INTERFACE/U_CMD2/stat_reg_1_reg[3] is not placed in the same (SLICE) site.
Related violations: <none>

PDRC-190#5 Warning
Suboptimally placed synchronized register chain  
The FDRE cell dbg_hub/inst/BSCANID.u_xsdbm_id/CORE_XSDB.UUT_MASTER/U_ICON_INTERFACE/U_CMD3/stat_reg_reg[0] in site SLICE_X34Y28 is part of a synchronized register chain that is suboptimally placed as the load FDRE cell dbg_hub/inst/BSCANID.u_xsdbm_id/CORE_XSDB.UUT_MASTER/U_ICON_INTERFACE/U_CMD3/stat_reg_1_reg[0] is not placed in the same (SLICE) site.
Related violations: <none>

PDRC-190#6 Warning
Suboptimally placed synchronized register chain  
The FDRE cell dbg_hub/inst/BSCANID.u_xsdbm_id/CORE_XSDB.UUT_MASTER/U_ICON_INTERFACE/U_CMD3/stat_reg_reg[1] in site SLICE_X33Y28 is part of a synchronized register chain that is suboptimally placed as the load FDRE cell dbg_hub/inst/BSCANID.u_xsdbm_id/CORE_XSDB.UUT_MASTER/U_ICON_INTERFACE/U_CMD3/stat_reg_1_reg[1] is not placed in the same (SLICE) site.
Related violations: <none>

PDRC-190#7 Warning
Suboptimally placed synchronized register chain  
The FDRE cell dbg_hub/inst/BSCANID.u_xsdbm_id/CORE_XSDB.UUT_MASTER/U_ICON_INTERFACE/U_CMD3/stat_reg_reg[2] in site SLICE_X32Y28 is part of a synchronized register chain that is suboptimally placed as the load FDRE cell dbg_hub/inst/BSCANID.u_xsdbm_id/CORE_XSDB.UUT_MASTER/U_ICON_INTERFACE/U_CMD3/stat_reg_1_reg[2] is not placed in the same (SLICE) site.
Related violations: <none>

PDRC-190#8 Warning
Suboptimally placed synchronized register chain  
The FDRE cell dbg_hub/inst/BSCANID.u_xsdbm_id/CORE_XSDB.UUT_MASTER/U_ICON_INTERFACE/U_CMD7_STAT/stat_reg_reg[0] in site SLICE_X42Y25 is part of a synchronized register chain that is suboptimally placed as the load FDRE cell dbg_hub/inst/BSCANID.u_xsdbm_id/CORE_XSDB.UUT_MASTER/U_ICON_INTERFACE/U_CMD7_STAT/stat_reg_1_reg[0] is not placed in the same (SLICE) site.
Related violations: <none>

PDRC-190#9 Warning
Suboptimally placed synchronized register chain  
The FDRE cell dbg_hub/inst/BSCANID.u_xsdbm_id/CORE_XSDB.UUT_MASTER/U_ICON_INTERFACE/U_CMD7_STAT/stat_reg_reg[1] in site SLICE_X37Y26 is part of a synchronized register chain that is suboptimally placed as the load FDRE cell dbg_hub/inst/BSCANID.u_xsdbm_id/CORE_XSDB.UUT_MASTER/U_ICON_INTERFACE/U_CMD7_STAT/stat_reg_1_reg[1] is not placed in the same (SLICE) site.
Related violations: <none>

PDRC-190#10 Warning
Suboptimally placed synchronized register chain  
The FDRE cell dbg_hub/inst/BSCANID.u_xsdbm_id/CORE_XSDB.UUT_MASTER/U_ICON_INTERFACE/U_CMD7_STAT/stat_reg_reg[2] in site SLICE_X37Y28 is part of a synchronized register chain that is suboptimally placed as the load FDRE cell dbg_hub/inst/BSCANID.u_xsdbm_id/CORE_XSDB.UUT_MASTER/U_ICON_INTERFACE/U_CMD7_STAT/stat_reg_1_reg[2] is not placed in the same (SLICE) site.
Related violations: <none>

TIMING-6#1 Warning
No common primary clock between related clocks  
The clocks clk_out1_mc_top_clk_wiz_0 and clk_out1_mc_top_clk_wiz_0_1 are related (timed together) but they have no common primary clock. The design could fail in hardware. To find a timing path between these clocks, run the following command: report_timing -from [get_clocks clk_out1_mc_top_clk_wiz_0] -to [get_clocks clk_out1_mc_top_clk_wiz_0_1]
Related violations: <none>

TIMING-6#2 Warning
No common primary clock between related clocks  
The clocks clk_out1_mc_top_clk_wiz_0_1 and clk_out1_mc_top_clk_wiz_0 are related (timed together) but they have no common primary clock. The design could fail in hardware. To find a timing path between these clocks, run the following command: report_timing -from [get_clocks clk_out1_mc_top_clk_wiz_0_1] -to [get_clocks clk_out1_mc_top_clk_wiz_0]
Related violations: <none>

TIMING-16#1 Warning
Large setup violation  
There is a large setup violation of -1.036 ns between mc_top_i/core_top_wrapper_0/inst/core_top_intf_wrapper_inst/core_top_inst/exe_unit/o_id_rs2_reg[1]/C (clocked by clk_out1_mc_top_clk_wiz_0) and mc_top_i/core_top_wrapper_0/inst/core_top_intf_wrapper_inst/core_top_inst/mem_access_unit/dcache/way_gen[1].data_cache_set/mem_reg_7/ADDRBWRADDR[11] (clocked by clk_out1_mc_top_clk_wiz_0_1). Large setup violations at the end of those stages might be difficult to fix during the post-placement implementation flow and could be the result of non-optimal XDC constraints or non-optimal design architecture
Related violations: <none>

TIMING-16#2 Warning
Large setup violation  
There is a large setup violation of -1.039 ns between mc_top_i/core_top_wrapper_0/inst/core_top_intf_wrapper_inst/core_top_inst/exe_unit/o_id_rs2_reg[1]/C (clocked by clk_out1_mc_top_clk_wiz_0) and mc_top_i/core_top_wrapper_0/inst/core_top_intf_wrapper_inst/core_top_inst/mem_access_unit/dcache/way_gen[0].data_cache_set/mem_reg_4/ADDRBWRADDR[11] (clocked by clk_out1_mc_top_clk_wiz_0_1). Large setup violations at the end of those stages might be difficult to fix during the post-placement implementation flow and could be the result of non-optimal XDC constraints or non-optimal design architecture
Related violations: <none>

TIMING-16#3 Warning
Large setup violation  
There is a large setup violation of -1.039 ns between mc_top_i/core_top_wrapper_0/inst/core_top_intf_wrapper_inst/core_top_inst/exe_unit/o_id_rs2_reg[1]/C (clocked by clk_out1_mc_top_clk_wiz_0) and mc_top_i/core_top_wrapper_0/inst/core_top_intf_wrapper_inst/core_top_inst/mem_access_unit/dcache/way_gen[1].data_cache_set/mem_reg_4/ADDRBWRADDR[11] (clocked by clk_out1_mc_top_clk_wiz_0). Large setup violations at the end of those stages might be difficult to fix during the post-placement implementation flow and could be the result of non-optimal XDC constraints or non-optimal design architecture
Related violations: <none>

TIMING-16#4 Warning
Large setup violation  
There is a large setup violation of -1.044 ns between mc_top_i/core_top_wrapper_0/inst/core_top_intf_wrapper_inst/core_top_inst/exe_unit/o_id_rs2_reg[1]/C (clocked by clk_out1_mc_top_clk_wiz_0) and mc_top_i/core_top_wrapper_0/inst/core_top_intf_wrapper_inst/core_top_inst/mem_access_unit/dcache/way_gen[0].data_cache_set/mem_reg_4/ADDRARDADDR[11] (clocked by clk_out1_mc_top_clk_wiz_0_1). Large setup violations at the end of those stages might be difficult to fix during the post-placement implementation flow and could be the result of non-optimal XDC constraints or non-optimal design architecture
Related violations: <none>

TIMING-16#5 Warning
Large setup violation  
There is a large setup violation of -1.044 ns between mc_top_i/core_top_wrapper_0/inst/core_top_intf_wrapper_inst/core_top_inst/exe_unit/o_id_rs2_reg[1]/C (clocked by clk_out1_mc_top_clk_wiz_0) and mc_top_i/core_top_wrapper_0/inst/core_top_intf_wrapper_inst/core_top_inst/mem_access_unit/dcache/way_gen[1].data_cache_set/mem_reg_4/ADDRARDADDR[11] (clocked by clk_out1_mc_top_clk_wiz_0). Large setup violations at the end of those stages might be difficult to fix during the post-placement implementation flow and could be the result of non-optimal XDC constraints or non-optimal design architecture
Related violations: <none>

TIMING-16#6 Warning
Large setup violation  
There is a large setup violation of -1.049 ns between mc_top_i/core_top_wrapper_0/inst/core_top_intf_wrapper_inst/core_top_inst/exe_unit/o_id_rs2_reg[1]/C (clocked by clk_out1_mc_top_clk_wiz_0) and mc_top_i/core_top_wrapper_0/inst/core_top_intf_wrapper_inst/core_top_inst/mem_access_unit/dcache/way_gen[0].data_cache_set/mem_reg_1/ADDRBWRADDR[11] (clocked by clk_out1_mc_top_clk_wiz_0_1). Large setup violations at the end of those stages might be difficult to fix during the post-placement implementation flow and could be the result of non-optimal XDC constraints or non-optimal design architecture
Related violations: <none>

TIMING-16#7 Warning
Large setup violation  
There is a large setup violation of -1.049 ns between mc_top_i/core_top_wrapper_0/inst/core_top_intf_wrapper_inst/core_top_inst/exe_unit/o_id_rs2_reg[1]/C (clocked by clk_out1_mc_top_clk_wiz_0) and mc_top_i/core_top_wrapper_0/inst/core_top_intf_wrapper_inst/core_top_inst/mem_access_unit/dcache/way_gen[0].data_cache_set/mem_reg_7/ADDRBWRADDR[8] (clocked by clk_out1_mc_top_clk_wiz_0). Large setup violations at the end of those stages might be difficult to fix during the post-placement implementation flow and could be the result of non-optimal XDC constraints or non-optimal design architecture
Related violations: <none>

TIMING-16#8 Warning
Large setup violation  
There is a large setup violation of -1.049 ns between mc_top_i/core_top_wrapper_0/inst/core_top_intf_wrapper_inst/core_top_inst/exe_unit/o_id_rs2_reg[1]/C (clocked by clk_out1_mc_top_clk_wiz_0) and mc_top_i/core_top_wrapper_0/inst/core_top_intf_wrapper_inst/core_top_inst/mem_access_unit/dcache/way_gen[1].data_cache_set/mem_reg_5/ADDRBWRADDR[11] (clocked by clk_out1_mc_top_clk_wiz_0). Large setup violations at the end of those stages might be difficult to fix during the post-placement implementation flow and could be the result of non-optimal XDC constraints or non-optimal design architecture
Related violations: <none>

TIMING-16#9 Warning
Large setup violation  
There is a large setup violation of -1.060 ns between mc_top_i/core_top_wrapper_0/inst/core_top_intf_wrapper_inst/core_top_inst/exe_unit/o_id_rs2_reg[1]/C (clocked by clk_out1_mc_top_clk_wiz_0) and mc_top_i/core_top_wrapper_0/inst/core_top_intf_wrapper_inst/core_top_inst/mem_access_unit/dcache/way_gen[0].data_cache_set/mem_reg_7/ADDRARDADDR[8] (clocked by clk_out1_mc_top_clk_wiz_0). Large setup violations at the end of those stages might be difficult to fix during the post-placement implementation flow and could be the result of non-optimal XDC constraints or non-optimal design architecture
Related violations: <none>

TIMING-16#10 Warning
Large setup violation  
There is a large setup violation of -1.060 ns between mc_top_i/core_top_wrapper_0/inst/core_top_intf_wrapper_inst/core_top_inst/exe_unit/o_id_rs2_reg[1]/C (clocked by clk_out1_mc_top_clk_wiz_0) and mc_top_i/core_top_wrapper_0/inst/core_top_intf_wrapper_inst/core_top_inst/mem_access_unit/dcache/way_gen[1].data_cache_set/mem_reg_2/ADDRARDADDR[8] (clocked by clk_out1_mc_top_clk_wiz_0_1). Large setup violations at the end of those stages might be difficult to fix during the post-placement implementation flow and could be the result of non-optimal XDC constraints or non-optimal design architecture
Related violations: <none>

TIMING-16#11 Warning
Large setup violation  
There is a large setup violation of -1.061 ns between mc_top_i/core_top_wrapper_0/inst/core_top_intf_wrapper_inst/core_top_inst/exe_unit/o_id_rs2_reg[1]/C (clocked by clk_out1_mc_top_clk_wiz_0) and mc_top_i/core_top_wrapper_0/inst/core_top_intf_wrapper_inst/core_top_inst/mem_access_unit/dcache/way_gen[1].data_cache_set/mem_reg_2/ADDRBWRADDR[8] (clocked by clk_out1_mc_top_clk_wiz_0_1). Large setup violations at the end of those stages might be difficult to fix during the post-placement implementation flow and could be the result of non-optimal XDC constraints or non-optimal design architecture
Related violations: <none>

TIMING-16#12 Warning
Large setup violation  
There is a large setup violation of -1.075 ns between mc_top_i/core_top_wrapper_0/inst/core_top_intf_wrapper_inst/core_top_inst/exe_unit/o_id_rs2_reg[1]/C (clocked by clk_out1_mc_top_clk_wiz_0) and mc_top_i/core_top_wrapper_0/inst/core_top_intf_wrapper_inst/core_top_inst/mem_access_unit/dcache/way_gen[0].data_cache_set/mem_reg_2/ADDRARDADDR[7] (clocked by clk_out1_mc_top_clk_wiz_0_1). Large setup violations at the end of those stages might be difficult to fix during the post-placement implementation flow and could be the result of non-optimal XDC constraints or non-optimal design architecture
Related violations: <none>

TIMING-16#13 Warning
Large setup violation  
There is a large setup violation of -1.075 ns between mc_top_i/core_top_wrapper_0/inst/core_top_intf_wrapper_inst/core_top_inst/exe_unit/o_id_rs2_reg[1]/C (clocked by clk_out1_mc_top_clk_wiz_0) and mc_top_i/core_top_wrapper_0/inst/core_top_intf_wrapper_inst/core_top_inst/mem_access_unit/dcache/way_gen[0].data_cache_set/mem_reg_3/ADDRARDADDR[7] (clocked by clk_out1_mc_top_clk_wiz_0). Large setup violations at the end of those stages might be difficult to fix during the post-placement implementation flow and could be the result of non-optimal XDC constraints or non-optimal design architecture
Related violations: <none>

TIMING-16#14 Warning
Large setup violation  
There is a large setup violation of -1.077 ns between mc_top_i/core_top_wrapper_0/inst/core_top_intf_wrapper_inst/core_top_inst/exe_unit/o_id_rs2_reg[1]/C (clocked by clk_out1_mc_top_clk_wiz_0) and mc_top_i/core_top_wrapper_0/inst/core_top_intf_wrapper_inst/core_top_inst/mem_access_unit/dcache/way_gen[0].data_cache_set/mem_reg_2/ADDRBWRADDR[7] (clocked by clk_out1_mc_top_clk_wiz_0_1). Large setup violations at the end of those stages might be difficult to fix during the post-placement implementation flow and could be the result of non-optimal XDC constraints or non-optimal design architecture
Related violations: <none>

TIMING-16#15 Warning
Large setup violation  
There is a large setup violation of -1.077 ns between mc_top_i/core_top_wrapper_0/inst/core_top_intf_wrapper_inst/core_top_inst/exe_unit/o_id_rs2_reg[1]/C (clocked by clk_out1_mc_top_clk_wiz_0) and mc_top_i/core_top_wrapper_0/inst/core_top_intf_wrapper_inst/core_top_inst/mem_access_unit/dcache/way_gen[0].data_cache_set/mem_reg_3/ADDRBWRADDR[7] (clocked by clk_out1_mc_top_clk_wiz_0). Large setup violations at the end of those stages might be difficult to fix during the post-placement implementation flow and could be the result of non-optimal XDC constraints or non-optimal design architecture
Related violations: <none>

TIMING-16#16 Warning
Large setup violation  
There is a large setup violation of -1.080 ns between mc_top_i/core_top_wrapper_0/inst/core_top_intf_wrapper_inst/core_top_inst/exe_unit/o_id_rs1_reg[1]/C (clocked by clk_out1_mc_top_clk_wiz_0_1) and mc_top_i/core_top_wrapper_0/inst/core_top_intf_wrapper_inst/core_top_inst/fetch_unit/pc_fetch_reg[9]/CE (clocked by clk_out1_mc_top_clk_wiz_0). Large setup violations at the end of those stages might be difficult to fix during the post-placement implementation flow and could be the result of non-optimal XDC constraints or non-optimal design architecture
Related violations: <none>

TIMING-16#17 Warning
Large setup violation  
There is a large setup violation of -1.097 ns between mc_top_i/core_top_wrapper_0/inst/core_top_intf_wrapper_inst/core_top_inst/exe_unit/o_id_rs2_reg[1]/C (clocked by clk_out1_mc_top_clk_wiz_0) and mc_top_i/core_top_wrapper_0/inst/core_top_intf_wrapper_inst/core_top_inst/mem_access_unit/dcache/way_gen[0].data_cache_set/mem_reg_5/ADDRBWRADDR[11] (clocked by clk_out1_mc_top_clk_wiz_0). Large setup violations at the end of those stages might be difficult to fix during the post-placement implementation flow and could be the result of non-optimal XDC constraints or non-optimal design architecture
Related violations: <none>

TIMING-16#18 Warning
Large setup violation  
There is a large setup violation of -1.097 ns between mc_top_i/core_top_wrapper_0/inst/core_top_intf_wrapper_inst/core_top_inst/exe_unit/o_id_rs2_reg[1]/C (clocked by clk_out1_mc_top_clk_wiz_0) and mc_top_i/core_top_wrapper_0/inst/core_top_intf_wrapper_inst/core_top_inst/mem_access_unit/dcache/way_gen[1].data_cache_set/mem_reg_0/ADDRBWRADDR[11] (clocked by clk_out1_mc_top_clk_wiz_0_1). Large setup violations at the end of those stages might be difficult to fix during the post-placement implementation flow and could be the result of non-optimal XDC constraints or non-optimal design architecture
Related violations: <none>

TIMING-16#19 Warning
Large setup violation  
There is a large setup violation of -1.106 ns between mc_top_i/core_top_wrapper_0/inst/core_top_intf_wrapper_inst/core_top_inst/exe_unit/o_id_rs2_reg[1]/C (clocked by clk_out1_mc_top_clk_wiz_0) and mc_top_i/core_top_wrapper_0/inst/core_top_intf_wrapper_inst/core_top_inst/mem_access_unit/dcache/way_gen[0].data_cache_set/mem_reg_2/ADDRBWRADDR[11] (clocked by clk_out1_mc_top_clk_wiz_0_1). Large setup violations at the end of those stages might be difficult to fix during the post-placement implementation flow and could be the result of non-optimal XDC constraints or non-optimal design architecture
Related violations: <none>

TIMING-16#20 Warning
Large setup violation  
There is a large setup violation of -1.106 ns between mc_top_i/core_top_wrapper_0/inst/core_top_intf_wrapper_inst/core_top_inst/exe_unit/o_id_rs2_reg[1]/C (clocked by clk_out1_mc_top_clk_wiz_0) and mc_top_i/core_top_wrapper_0/inst/core_top_intf_wrapper_inst/core_top_inst/mem_access_unit/dcache/way_gen[0].data_cache_set/mem_reg_3/ADDRBWRADDR[11] (clocked by clk_out1_mc_top_clk_wiz_0). Large setup violations at the end of those stages might be difficult to fix during the post-placement implementation flow and could be the result of non-optimal XDC constraints or non-optimal design architecture
Related violations: <none>

TIMING-16#21 Warning
Large setup violation  
There is a large setup violation of -1.108 ns between mc_top_i/core_top_wrapper_0/inst/core_top_intf_wrapper_inst/core_top_inst/exe_unit/o_id_rs2_reg[1]/C (clocked by clk_out1_mc_top_clk_wiz_0) and mc_top_i/core_top_wrapper_0/inst/core_top_intf_wrapper_inst/core_top_inst/mem_access_unit/dcache/way_gen[1].data_cache_set/mem_reg_7/ADDRBWRADDR[7] (clocked by clk_out1_mc_top_clk_wiz_0_1). Large setup violations at the end of those stages might be difficult to fix during the post-placement implementation flow and could be the result of non-optimal XDC constraints or non-optimal design architecture
Related violations: <none>

TIMING-16#22 Warning
Large setup violation  
There is a large setup violation of -1.110 ns between mc_top_i/core_top_wrapper_0/inst/core_top_intf_wrapper_inst/core_top_inst/exe_unit/o_id_rs2_reg[1]/C (clocked by clk_out1_mc_top_clk_wiz_0) and mc_top_i/core_top_wrapper_0/inst/core_top_intf_wrapper_inst/core_top_inst/mem_access_unit/dcache/way_gen[0].data_cache_set/mem_reg_2/ADDRARDADDR[11] (clocked by clk_out1_mc_top_clk_wiz_0_1). Large setup violations at the end of those stages might be difficult to fix during the post-placement implementation flow and could be the result of non-optimal XDC constraints or non-optimal design architecture
Related violations: <none>

TIMING-16#23 Warning
Large setup violation  
There is a large setup violation of -1.110 ns between mc_top_i/core_top_wrapper_0/inst/core_top_intf_wrapper_inst/core_top_inst/exe_unit/o_id_rs2_reg[1]/C (clocked by clk_out1_mc_top_clk_wiz_0) and mc_top_i/core_top_wrapper_0/inst/core_top_intf_wrapper_inst/core_top_inst/mem_access_unit/dcache/way_gen[0].data_cache_set/mem_reg_3/ADDRARDADDR[11] (clocked by clk_out1_mc_top_clk_wiz_0). Large setup violations at the end of those stages might be difficult to fix during the post-placement implementation flow and could be the result of non-optimal XDC constraints or non-optimal design architecture
Related violations: <none>

TIMING-16#24 Warning
Large setup violation  
There is a large setup violation of -1.113 ns between mc_top_i/core_top_wrapper_0/inst/core_top_intf_wrapper_inst/core_top_inst/exe_unit/o_id_rs2_reg[1]/C (clocked by clk_out1_mc_top_clk_wiz_0) and mc_top_i/core_top_wrapper_0/inst/core_top_intf_wrapper_inst/core_top_inst/mem_access_unit/dcache/way_gen[1].data_cache_set/mem_reg_7/ADDRARDADDR[7] (clocked by clk_out1_mc_top_clk_wiz_0_1). Large setup violations at the end of those stages might be difficult to fix during the post-placement implementation flow and could be the result of non-optimal XDC constraints or non-optimal design architecture
Related violations: <none>

TIMING-16#25 Warning
Large setup violation  
There is a large setup violation of -1.117 ns between mc_top_i/core_top_wrapper_0/inst/core_top_intf_wrapper_inst/core_top_inst/exe_unit/o_id_rs2_reg[1]/C (clocked by clk_out1_mc_top_clk_wiz_0) and mc_top_i/core_top_wrapper_0/inst/core_top_intf_wrapper_inst/core_top_inst/mem_access_unit/dcache/way_gen[0].data_cache_set/mem_reg_0/ADDRARDADDR[7] (clocked by clk_out1_mc_top_clk_wiz_0). Large setup violations at the end of those stages might be difficult to fix during the post-placement implementation flow and could be the result of non-optimal XDC constraints or non-optimal design architecture
Related violations: <none>

TIMING-16#26 Warning
Large setup violation  
There is a large setup violation of -1.117 ns between mc_top_i/core_top_wrapper_0/inst/core_top_intf_wrapper_inst/core_top_inst/exe_unit/o_id_rs2_reg[1]/C (clocked by clk_out1_mc_top_clk_wiz_0) and mc_top_i/core_top_wrapper_0/inst/core_top_intf_wrapper_inst/core_top_inst/mem_access_unit/dcache/way_gen[1].data_cache_set/mem_reg_3/ADDRARDADDR[7] (clocked by clk_out1_mc_top_clk_wiz_0_1). Large setup violations at the end of those stages might be difficult to fix during the post-placement implementation flow and could be the result of non-optimal XDC constraints or non-optimal design architecture
Related violations: <none>

TIMING-16#27 Warning
Large setup violation  
There is a large setup violation of -1.124 ns between mc_top_i/core_top_wrapper_0/inst/core_top_intf_wrapper_inst/core_top_inst/exe_unit/o_id_rs1_reg[1]/C (clocked by clk_out1_mc_top_clk_wiz_0_1) and mc_top_i/core_top_wrapper_0/inst/core_top_intf_wrapper_inst/core_top_inst/fetch_unit/pc_fetch_reg[5]/CE (clocked by clk_out1_mc_top_clk_wiz_0). Large setup violations at the end of those stages might be difficult to fix during the post-placement implementation flow and could be the result of non-optimal XDC constraints or non-optimal design architecture
Related violations: <none>

TIMING-16#28 Warning
Large setup violation  
There is a large setup violation of -1.140 ns between mc_top_i/core_top_wrapper_0/inst/core_top_intf_wrapper_inst/core_top_inst/exe_unit/o_id_rs2_reg[1]/C (clocked by clk_out1_mc_top_clk_wiz_0) and mc_top_i/core_top_wrapper_0/inst/core_top_intf_wrapper_inst/core_top_inst/mem_access_unit/dcache/way_gen[0].data_cache_set/mem_reg_6/ADDRARDADDR[8] (clocked by clk_out1_mc_top_clk_wiz_0). Large setup violations at the end of those stages might be difficult to fix during the post-placement implementation flow and could be the result of non-optimal XDC constraints or non-optimal design architecture
Related violations: <none>

TIMING-16#29 Warning
Large setup violation  
There is a large setup violation of -1.141 ns between mc_top_i/core_top_wrapper_0/inst/core_top_intf_wrapper_inst/core_top_inst/exe_unit/o_id_rs2_reg[1]/C (clocked by clk_out1_mc_top_clk_wiz_0) and mc_top_i/core_top_wrapper_0/inst/core_top_intf_wrapper_inst/core_top_inst/mem_access_unit/dcache/way_gen[0].data_cache_set/mem_reg_7/ADDRARDADDR[11] (clocked by clk_out1_mc_top_clk_wiz_0). Large setup violations at the end of those stages might be difficult to fix during the post-placement implementation flow and could be the result of non-optimal XDC constraints or non-optimal design architecture
Related violations: <none>

TIMING-16#30 Warning
Large setup violation  
There is a large setup violation of -1.141 ns between mc_top_i/core_top_wrapper_0/inst/core_top_intf_wrapper_inst/core_top_inst/exe_unit/o_id_rs2_reg[1]/C (clocked by clk_out1_mc_top_clk_wiz_0) and mc_top_i/core_top_wrapper_0/inst/core_top_intf_wrapper_inst/core_top_inst/mem_access_unit/dcache/way_gen[1].data_cache_set/mem_reg_2/ADDRARDADDR[11] (clocked by clk_out1_mc_top_clk_wiz_0_1). Large setup violations at the end of those stages might be difficult to fix during the post-placement implementation flow and could be the result of non-optimal XDC constraints or non-optimal design architecture
Related violations: <none>

TIMING-16#31 Warning
Large setup violation  
There is a large setup violation of -1.155 ns between mc_top_i/core_top_wrapper_0/inst/core_top_intf_wrapper_inst/core_top_inst/exe_unit/o_id_rs2_reg[1]/C (clocked by clk_out1_mc_top_clk_wiz_0) and mc_top_i/core_top_wrapper_0/inst/core_top_intf_wrapper_inst/core_top_inst/mem_access_unit/dcache/way_gen[0].data_cache_set/mem_reg_6/ADDRBWRADDR[8] (clocked by clk_out1_mc_top_clk_wiz_0). Large setup violations at the end of those stages might be difficult to fix during the post-placement implementation flow and could be the result of non-optimal XDC constraints or non-optimal design architecture
Related violations: <none>

TIMING-16#32 Warning
Large setup violation  
There is a large setup violation of -1.168 ns between mc_top_i/core_top_wrapper_0/inst/core_top_intf_wrapper_inst/core_top_inst/exe_unit/o_id_rs2_reg[1]/C (clocked by clk_out1_mc_top_clk_wiz_0) and mc_top_i/core_top_wrapper_0/inst/core_top_intf_wrapper_inst/core_top_inst/mem_access_unit/dcache/way_gen[0].data_cache_set/mem_reg_5/ADDRARDADDR[11] (clocked by clk_out1_mc_top_clk_wiz_0). Large setup violations at the end of those stages might be difficult to fix during the post-placement implementation flow and could be the result of non-optimal XDC constraints or non-optimal design architecture
Related violations: <none>

TIMING-16#33 Warning
Large setup violation  
There is a large setup violation of -1.168 ns between mc_top_i/core_top_wrapper_0/inst/core_top_intf_wrapper_inst/core_top_inst/exe_unit/o_id_rs2_reg[1]/C (clocked by clk_out1_mc_top_clk_wiz_0) and mc_top_i/core_top_wrapper_0/inst/core_top_intf_wrapper_inst/core_top_inst/mem_access_unit/dcache/way_gen[1].data_cache_set/mem_reg_0/ADDRARDADDR[11] (clocked by clk_out1_mc_top_clk_wiz_0_1). Large setup violations at the end of those stages might be difficult to fix during the post-placement implementation flow and could be the result of non-optimal XDC constraints or non-optimal design architecture
Related violations: <none>

TIMING-16#34 Warning
Large setup violation  
There is a large setup violation of -1.170 ns between mc_top_i/core_top_wrapper_0/inst/core_top_intf_wrapper_inst/core_top_inst/exe_unit/o_id_rs2_reg[1]/C (clocked by clk_out1_mc_top_clk_wiz_0) and mc_top_i/core_top_wrapper_0/inst/core_top_intf_wrapper_inst/core_top_inst/mem_access_unit/dcache/way_gen[0].data_cache_set/mem_reg_1/ADDRARDADDR[7] (clocked by clk_out1_mc_top_clk_wiz_0_1). Large setup violations at the end of those stages might be difficult to fix during the post-placement implementation flow and could be the result of non-optimal XDC constraints or non-optimal design architecture
Related violations: <none>

TIMING-16#35 Warning
Large setup violation  
There is a large setup violation of -1.170 ns between mc_top_i/core_top_wrapper_0/inst/core_top_intf_wrapper_inst/core_top_inst/exe_unit/o_id_rs2_reg[1]/C (clocked by clk_out1_mc_top_clk_wiz_0) and mc_top_i/core_top_wrapper_0/inst/core_top_intf_wrapper_inst/core_top_inst/mem_access_unit/dcache/way_gen[1].data_cache_set/mem_reg_5/ADDRARDADDR[7] (clocked by clk_out1_mc_top_clk_wiz_0). Large setup violations at the end of those stages might be difficult to fix during the post-placement implementation flow and could be the result of non-optimal XDC constraints or non-optimal design architecture
Related violations: <none>

TIMING-16#36 Warning
Large setup violation  
There is a large setup violation of -1.172 ns between mc_top_i/core_top_wrapper_0/inst/core_top_intf_wrapper_inst/core_top_inst/exe_unit/o_id_rs2_reg[1]/C (clocked by clk_out1_mc_top_clk_wiz_0) and mc_top_i/core_top_wrapper_0/inst/core_top_intf_wrapper_inst/core_top_inst/mem_access_unit/dcache/way_gen[0].data_cache_set/mem_reg_1/ADDRBWRADDR[7] (clocked by clk_out1_mc_top_clk_wiz_0_1). Large setup violations at the end of those stages might be difficult to fix during the post-placement implementation flow and could be the result of non-optimal XDC constraints or non-optimal design architecture
Related violations: <none>

TIMING-16#37 Warning
Large setup violation  
There is a large setup violation of -1.172 ns between mc_top_i/core_top_wrapper_0/inst/core_top_intf_wrapper_inst/core_top_inst/exe_unit/o_id_rs2_reg[1]/C (clocked by clk_out1_mc_top_clk_wiz_0) and mc_top_i/core_top_wrapper_0/inst/core_top_intf_wrapper_inst/core_top_inst/mem_access_unit/dcache/way_gen[1].data_cache_set/mem_reg_5/ADDRBWRADDR[7] (clocked by clk_out1_mc_top_clk_wiz_0). Large setup violations at the end of those stages might be difficult to fix during the post-placement implementation flow and could be the result of non-optimal XDC constraints or non-optimal design architecture
Related violations: <none>

TIMING-16#38 Warning
Large setup violation  
There is a large setup violation of -1.183 ns between mc_top_i/core_top_wrapper_0/inst/core_top_intf_wrapper_inst/core_top_inst/exe_unit/o_id_rs2_reg[1]/C (clocked by clk_out1_mc_top_clk_wiz_0) and mc_top_i/core_top_wrapper_0/inst/core_top_intf_wrapper_inst/core_top_inst/mem_access_unit/dcache/way_gen[0].data_cache_set/mem_reg_1/ADDRARDADDR[11] (clocked by clk_out1_mc_top_clk_wiz_0_1). Large setup violations at the end of those stages might be difficult to fix during the post-placement implementation flow and could be the result of non-optimal XDC constraints or non-optimal design architecture
Related violations: <none>

TIMING-16#39 Warning
Large setup violation  
There is a large setup violation of -1.183 ns between mc_top_i/core_top_wrapper_0/inst/core_top_intf_wrapper_inst/core_top_inst/exe_unit/o_id_rs2_reg[1]/C (clocked by clk_out1_mc_top_clk_wiz_0) and mc_top_i/core_top_wrapper_0/inst/core_top_intf_wrapper_inst/core_top_inst/mem_access_unit/dcache/way_gen[1].data_cache_set/mem_reg_5/ADDRARDADDR[11] (clocked by clk_out1_mc_top_clk_wiz_0). Large setup violations at the end of those stages might be difficult to fix during the post-placement implementation flow and could be the result of non-optimal XDC constraints or non-optimal design architecture
Related violations: <none>

TIMING-16#40 Warning
Large setup violation  
There is a large setup violation of -1.230 ns between mc_top_i/core_top_wrapper_0/inst/core_top_intf_wrapper_inst/core_top_inst/exe_unit/o_id_rs1_reg[1]/C (clocked by clk_out1_mc_top_clk_wiz_0_1) and mc_top_i/core_top_wrapper_0/inst/core_top_intf_wrapper_inst/core_top_inst/fetch_unit/pc_fetch_reg[8]/CE (clocked by clk_out1_mc_top_clk_wiz_0). Large setup violations at the end of those stages might be difficult to fix during the post-placement implementation flow and could be the result of non-optimal XDC constraints or non-optimal design architecture
Related violations: <none>

TIMING-16#41 Warning
Large setup violation  
There is a large setup violation of -1.237 ns between mc_top_i/core_top_wrapper_0/inst/core_top_intf_wrapper_inst/core_top_inst/exe_unit/o_id_rs2_reg[1]/C (clocked by clk_out1_mc_top_clk_wiz_0) and mc_top_i/core_top_wrapper_0/inst/core_top_intf_wrapper_inst/core_top_inst/mem_access_unit/dcache/way_gen[0].data_cache_set/mem_reg_7/ADDRBWRADDR[11] (clocked by clk_out1_mc_top_clk_wiz_0). Large setup violations at the end of those stages might be difficult to fix during the post-placement implementation flow and could be the result of non-optimal XDC constraints or non-optimal design architecture
Related violations: <none>

TIMING-16#42 Warning
Large setup violation  
There is a large setup violation of -1.237 ns between mc_top_i/core_top_wrapper_0/inst/core_top_intf_wrapper_inst/core_top_inst/exe_unit/o_id_rs2_reg[1]/C (clocked by clk_out1_mc_top_clk_wiz_0) and mc_top_i/core_top_wrapper_0/inst/core_top_intf_wrapper_inst/core_top_inst/mem_access_unit/dcache/way_gen[1].data_cache_set/mem_reg_2/ADDRBWRADDR[11] (clocked by clk_out1_mc_top_clk_wiz_0_1). Large setup violations at the end of those stages might be difficult to fix during the post-placement implementation flow and could be the result of non-optimal XDC constraints or non-optimal design architecture
Related violations: <none>

TIMING-16#43 Warning
Large setup violation  
There is a large setup violation of -1.254 ns between mc_top_i/core_top_wrapper_0/inst/core_top_intf_wrapper_inst/core_top_inst/exe_unit/o_id_rs2_reg[1]/C (clocked by clk_out1_mc_top_clk_wiz_0) and mc_top_i/core_top_wrapper_0/inst/core_top_intf_wrapper_inst/core_top_inst/mem_access_unit/dcache/way_gen[0].data_cache_set/mem_reg_7/ADDRARDADDR[7] (clocked by clk_out1_mc_top_clk_wiz_0). Large setup violations at the end of those stages might be difficult to fix during the post-placement implementation flow and could be the result of non-optimal XDC constraints or non-optimal design architecture
Related violations: <none>

TIMING-16#44 Warning
Large setup violation  
There is a large setup violation of -1.254 ns between mc_top_i/core_top_wrapper_0/inst/core_top_intf_wrapper_inst/core_top_inst/exe_unit/o_id_rs2_reg[1]/C (clocked by clk_out1_mc_top_clk_wiz_0) and mc_top_i/core_top_wrapper_0/inst/core_top_intf_wrapper_inst/core_top_inst/mem_access_unit/dcache/way_gen[1].data_cache_set/mem_reg_2/ADDRARDADDR[7] (clocked by clk_out1_mc_top_clk_wiz_0_1). Large setup violations at the end of those stages might be difficult to fix during the post-placement implementation flow and could be the result of non-optimal XDC constraints or non-optimal design architecture
Related violations: <none>

TIMING-16#45 Warning
Large setup violation  
There is a large setup violation of -1.256 ns between mc_top_i/core_top_wrapper_0/inst/core_top_intf_wrapper_inst/core_top_inst/exe_unit/o_id_rs2_reg[1]/C (clocked by clk_out1_mc_top_clk_wiz_0) and mc_top_i/core_top_wrapper_0/inst/core_top_intf_wrapper_inst/core_top_inst/mem_access_unit/dcache/way_gen[0].data_cache_set/mem_reg_7/ADDRBWRADDR[7] (clocked by clk_out1_mc_top_clk_wiz_0). Large setup violations at the end of those stages might be difficult to fix during the post-placement implementation flow and could be the result of non-optimal XDC constraints or non-optimal design architecture
Related violations: <none>

TIMING-16#46 Warning
Large setup violation  
There is a large setup violation of -1.256 ns between mc_top_i/core_top_wrapper_0/inst/core_top_intf_wrapper_inst/core_top_inst/exe_unit/o_id_rs2_reg[1]/C (clocked by clk_out1_mc_top_clk_wiz_0) and mc_top_i/core_top_wrapper_0/inst/core_top_intf_wrapper_inst/core_top_inst/mem_access_unit/dcache/way_gen[1].data_cache_set/mem_reg_2/ADDRBWRADDR[7] (clocked by clk_out1_mc_top_clk_wiz_0_1). Large setup violations at the end of those stages might be difficult to fix during the post-placement implementation flow and could be the result of non-optimal XDC constraints or non-optimal design architecture
Related violations: <none>

TIMING-16#47 Warning
Large setup violation  
There is a large setup violation of -1.261 ns between mc_top_i/core_top_wrapper_0/inst/core_top_intf_wrapper_inst/core_top_inst/exe_unit/o_id_rs1_reg[1]/C (clocked by clk_out1_mc_top_clk_wiz_0_1) and mc_top_i/core_top_wrapper_0/inst/core_top_intf_wrapper_inst/core_top_inst/fetch_unit/pc_fetch_reg[11]/CE (clocked by clk_out1_mc_top_clk_wiz_0). Large setup violations at the end of those stages might be difficult to fix during the post-placement implementation flow and could be the result of non-optimal XDC constraints or non-optimal design architecture
Related violations: <none>

TIMING-16#48 Warning
Large setup violation  
There is a large setup violation of -1.264 ns between mc_top_i/core_top_wrapper_0/inst/core_top_intf_wrapper_inst/core_top_inst/exe_unit/o_id_rs2_reg[1]/C (clocked by clk_out1_mc_top_clk_wiz_0) and mc_top_i/core_top_wrapper_0/inst/core_top_intf_wrapper_inst/core_top_inst/mem_access_unit/dcache/way_gen[1].data_cache_set/mem_reg_1/ADDRBWRADDR[11] (clocked by clk_out1_mc_top_clk_wiz_0_1). Large setup violations at the end of those stages might be difficult to fix during the post-placement implementation flow and could be the result of non-optimal XDC constraints or non-optimal design architecture
Related violations: <none>

TIMING-16#49 Warning
Large setup violation  
There is a large setup violation of -1.264 ns between mc_top_i/core_top_wrapper_0/inst/core_top_intf_wrapper_inst/core_top_inst/exe_unit/o_id_rs2_reg[1]/C (clocked by clk_out1_mc_top_clk_wiz_0) and mc_top_i/core_top_wrapper_0/inst/core_top_intf_wrapper_inst/core_top_inst/mem_access_unit/dcache/way_gen[1].data_cache_set/mem_reg_6/ADDRBWRADDR[11] (clocked by clk_out1_mc_top_clk_wiz_0). Large setup violations at the end of those stages might be difficult to fix during the post-placement implementation flow and could be the result of non-optimal XDC constraints or non-optimal design architecture
Related violations: <none>

TIMING-16#50 Warning
Large setup violation  
There is a large setup violation of -1.267 ns between mc_top_i/core_top_wrapper_0/inst/core_top_intf_wrapper_inst/core_top_inst/exe_unit/o_id_rs2_reg[1]/C (clocked by clk_out1_mc_top_clk_wiz_0) and mc_top_i/core_top_wrapper_0/inst/core_top_intf_wrapper_inst/core_top_inst/mem_access_unit/dcache/way_gen[0].data_cache_set/mem_reg_0/ADDRBWRADDR[7] (clocked by clk_out1_mc_top_clk_wiz_0). Large setup violations at the end of those stages might be difficult to fix during the post-placement implementation flow and could be the result of non-optimal XDC constraints or non-optimal design architecture
Related violations: <none>

TIMING-16#51 Warning
Large setup violation  
There is a large setup violation of -1.267 ns between mc_top_i/core_top_wrapper_0/inst/core_top_intf_wrapper_inst/core_top_inst/exe_unit/o_id_rs2_reg[1]/C (clocked by clk_out1_mc_top_clk_wiz_0) and mc_top_i/core_top_wrapper_0/inst/core_top_intf_wrapper_inst/core_top_inst/mem_access_unit/dcache/way_gen[1].data_cache_set/mem_reg_3/ADDRBWRADDR[7] (clocked by clk_out1_mc_top_clk_wiz_0_1). Large setup violations at the end of those stages might be difficult to fix during the post-placement implementation flow and could be the result of non-optimal XDC constraints or non-optimal design architecture
Related violations: <none>

TIMING-16#52 Warning
Large setup violation  
There is a large setup violation of -1.279 ns between mc_top_i/core_top_wrapper_0/inst/core_top_intf_wrapper_inst/core_top_inst/exe_unit/o_id_rs2_reg[1]/C (clocked by clk_out1_mc_top_clk_wiz_0) and mc_top_i/core_top_wrapper_0/inst/core_top_intf_wrapper_inst/core_top_inst/mem_access_unit/dcache/way_gen[1].data_cache_set/mem_reg_1/ADDRARDADDR[7] (clocked by clk_out1_mc_top_clk_wiz_0_1). Large setup violations at the end of those stages might be difficult to fix during the post-placement implementation flow and could be the result of non-optimal XDC constraints or non-optimal design architecture
Related violations: <none>

TIMING-16#53 Warning
Large setup violation  
There is a large setup violation of -1.279 ns between mc_top_i/core_top_wrapper_0/inst/core_top_intf_wrapper_inst/core_top_inst/exe_unit/o_id_rs2_reg[1]/C (clocked by clk_out1_mc_top_clk_wiz_0) and mc_top_i/core_top_wrapper_0/inst/core_top_intf_wrapper_inst/core_top_inst/mem_access_unit/dcache/way_gen[1].data_cache_set/mem_reg_6/ADDRARDADDR[7] (clocked by clk_out1_mc_top_clk_wiz_0). Large setup violations at the end of those stages might be difficult to fix during the post-placement implementation flow and could be the result of non-optimal XDC constraints or non-optimal design architecture
Related violations: <none>

TIMING-16#54 Warning
Large setup violation  
There is a large setup violation of -1.280 ns between mc_top_i/core_top_wrapper_0/inst/core_top_intf_wrapper_inst/core_top_inst/exe_unit/o_id_rs2_reg[1]/C (clocked by clk_out1_mc_top_clk_wiz_0) and mc_top_i/core_top_wrapper_0/inst/core_top_intf_wrapper_inst/core_top_inst/mem_access_unit/dcache/way_gen[1].data_cache_set/mem_reg_1/ADDRBWRADDR[7] (clocked by clk_out1_mc_top_clk_wiz_0_1). Large setup violations at the end of those stages might be difficult to fix during the post-placement implementation flow and could be the result of non-optimal XDC constraints or non-optimal design architecture
Related violations: <none>

TIMING-16#55 Warning
Large setup violation  
There is a large setup violation of -1.280 ns between mc_top_i/core_top_wrapper_0/inst/core_top_intf_wrapper_inst/core_top_inst/exe_unit/o_id_rs2_reg[1]/C (clocked by clk_out1_mc_top_clk_wiz_0) and mc_top_i/core_top_wrapper_0/inst/core_top_intf_wrapper_inst/core_top_inst/mem_access_unit/dcache/way_gen[1].data_cache_set/mem_reg_6/ADDRBWRADDR[7] (clocked by clk_out1_mc_top_clk_wiz_0). Large setup violations at the end of those stages might be difficult to fix during the post-placement implementation flow and could be the result of non-optimal XDC constraints or non-optimal design architecture
Related violations: <none>

TIMING-16#56 Warning
Large setup violation  
There is a large setup violation of -1.304 ns between mc_top_i/core_top_wrapper_0/inst/core_top_intf_wrapper_inst/core_top_inst/exe_unit/o_id_rs2_reg[1]/C (clocked by clk_out1_mc_top_clk_wiz_0) and mc_top_i/core_top_wrapper_0/inst/core_top_intf_wrapper_inst/core_top_inst/mem_access_unit/dcache/way_gen[1].data_cache_set/mem_reg_1/ADDRARDADDR[11] (clocked by clk_out1_mc_top_clk_wiz_0_1). Large setup violations at the end of those stages might be difficult to fix during the post-placement implementation flow and could be the result of non-optimal XDC constraints or non-optimal design architecture
Related violations: <none>

TIMING-16#57 Warning
Large setup violation  
There is a large setup violation of -1.304 ns between mc_top_i/core_top_wrapper_0/inst/core_top_intf_wrapper_inst/core_top_inst/exe_unit/o_id_rs2_reg[1]/C (clocked by clk_out1_mc_top_clk_wiz_0) and mc_top_i/core_top_wrapper_0/inst/core_top_intf_wrapper_inst/core_top_inst/mem_access_unit/dcache/way_gen[1].data_cache_set/mem_reg_6/ADDRARDADDR[11] (clocked by clk_out1_mc_top_clk_wiz_0). Large setup violations at the end of those stages might be difficult to fix during the post-placement implementation flow and could be the result of non-optimal XDC constraints or non-optimal design architecture
Related violations: <none>

TIMING-16#58 Warning
Large setup violation  
There is a large setup violation of -1.348 ns between mc_top_i/core_top_wrapper_0/inst/core_top_intf_wrapper_inst/core_top_inst/exe_unit/o_id_rs2_reg[1]/C (clocked by clk_out1_mc_top_clk_wiz_0) and mc_top_i/core_top_wrapper_0/inst/core_top_intf_wrapper_inst/core_top_inst/mem_access_unit/dcache/way_gen[0].data_cache_set/mem_reg_6/ADDRBWRADDR[11] (clocked by clk_out1_mc_top_clk_wiz_0). Large setup violations at the end of those stages might be difficult to fix during the post-placement implementation flow and could be the result of non-optimal XDC constraints or non-optimal design architecture
Related violations: <none>

TIMING-16#59 Warning
Large setup violation  
There is a large setup violation of -1.355 ns between mc_top_i/core_top_wrapper_0/inst/core_top_intf_wrapper_inst/core_top_inst/exe_unit/o_id_rs2_reg[1]/C (clocked by clk_out1_mc_top_clk_wiz_0) and mc_top_i/core_top_wrapper_0/inst/core_top_intf_wrapper_inst/core_top_inst/mem_access_unit/dcache/way_gen[0].data_cache_set/mem_reg_6/ADDRARDADDR[11] (clocked by clk_out1_mc_top_clk_wiz_0). Large setup violations at the end of those stages might be difficult to fix during the post-placement implementation flow and could be the result of non-optimal XDC constraints or non-optimal design architecture
Related violations: <none>

TIMING-16#60 Warning
Large setup violation  
There is a large setup violation of -1.391 ns between mc_top_i/core_top_wrapper_0/inst/core_top_intf_wrapper_inst/core_top_inst/exe_unit/o_id_rs2_reg[1]/C (clocked by clk_out1_mc_top_clk_wiz_0) and mc_top_i/core_top_wrapper_0/inst/core_top_intf_wrapper_inst/core_top_inst/mem_access_unit/dcache/way_gen[0].data_cache_set/mem_reg_4/ADDRBWRADDR[7] (clocked by clk_out1_mc_top_clk_wiz_0_1). Large setup violations at the end of those stages might be difficult to fix during the post-placement implementation flow and could be the result of non-optimal XDC constraints or non-optimal design architecture
Related violations: <none>

TIMING-16#61 Warning
Large setup violation  
There is a large setup violation of -1.391 ns between mc_top_i/core_top_wrapper_0/inst/core_top_intf_wrapper_inst/core_top_inst/exe_unit/o_id_rs2_reg[1]/C (clocked by clk_out1_mc_top_clk_wiz_0) and mc_top_i/core_top_wrapper_0/inst/core_top_intf_wrapper_inst/core_top_inst/mem_access_unit/dcache/way_gen[1].data_cache_set/mem_reg_4/ADDRBWRADDR[7] (clocked by clk_out1_mc_top_clk_wiz_0). Large setup violations at the end of those stages might be difficult to fix during the post-placement implementation flow and could be the result of non-optimal XDC constraints or non-optimal design architecture
Related violations: <none>

TIMING-16#62 Warning
Large setup violation  
There is a large setup violation of -1.423 ns between mc_top_i/core_top_wrapper_0/inst/core_top_intf_wrapper_inst/core_top_inst/exe_unit/o_id_rs2_reg[1]/C (clocked by clk_out1_mc_top_clk_wiz_0) and mc_top_i/core_top_wrapper_0/inst/core_top_intf_wrapper_inst/core_top_inst/mem_access_unit/dcache/way_gen[0].data_cache_set/mem_reg_5/ADDRARDADDR[7] (clocked by clk_out1_mc_top_clk_wiz_0). Large setup violations at the end of those stages might be difficult to fix during the post-placement implementation flow and could be the result of non-optimal XDC constraints or non-optimal design architecture
Related violations: <none>

TIMING-16#63 Warning
Large setup violation  
There is a large setup violation of -1.423 ns between mc_top_i/core_top_wrapper_0/inst/core_top_intf_wrapper_inst/core_top_inst/exe_unit/o_id_rs2_reg[1]/C (clocked by clk_out1_mc_top_clk_wiz_0) and mc_top_i/core_top_wrapper_0/inst/core_top_intf_wrapper_inst/core_top_inst/mem_access_unit/dcache/way_gen[1].data_cache_set/mem_reg_0/ADDRARDADDR[7] (clocked by clk_out1_mc_top_clk_wiz_0_1). Large setup violations at the end of those stages might be difficult to fix during the post-placement implementation flow and could be the result of non-optimal XDC constraints or non-optimal design architecture
Related violations: <none>

TIMING-16#64 Warning
Large setup violation  
There is a large setup violation of -1.425 ns between mc_top_i/core_top_wrapper_0/inst/core_top_intf_wrapper_inst/core_top_inst/exe_unit/o_id_rs2_reg[1]/C (clocked by clk_out1_mc_top_clk_wiz_0) and mc_top_i/core_top_wrapper_0/inst/core_top_intf_wrapper_inst/core_top_inst/mem_access_unit/dcache/way_gen[0].data_cache_set/mem_reg_5/ADDRBWRADDR[7] (clocked by clk_out1_mc_top_clk_wiz_0). Large setup violations at the end of those stages might be difficult to fix during the post-placement implementation flow and could be the result of non-optimal XDC constraints or non-optimal design architecture
Related violations: <none>

TIMING-16#65 Warning
Large setup violation  
There is a large setup violation of -1.425 ns between mc_top_i/core_top_wrapper_0/inst/core_top_intf_wrapper_inst/core_top_inst/exe_unit/o_id_rs2_reg[1]/C (clocked by clk_out1_mc_top_clk_wiz_0) and mc_top_i/core_top_wrapper_0/inst/core_top_intf_wrapper_inst/core_top_inst/mem_access_unit/dcache/way_gen[1].data_cache_set/mem_reg_0/ADDRBWRADDR[7] (clocked by clk_out1_mc_top_clk_wiz_0_1). Large setup violations at the end of those stages might be difficult to fix during the post-placement implementation flow and could be the result of non-optimal XDC constraints or non-optimal design architecture
Related violations: <none>

TIMING-16#66 Warning
Large setup violation  
There is a large setup violation of -1.510 ns between mc_top_i/core_top_wrapper_0/inst/core_top_intf_wrapper_inst/core_top_inst/exe_unit/o_id_rs2_reg[1]/C (clocked by clk_out1_mc_top_clk_wiz_0) and mc_top_i/core_top_wrapper_0/inst/core_top_intf_wrapper_inst/core_top_inst/mem_access_unit/dcache/way_gen[0].data_cache_set/mem_reg_4/ADDRARDADDR[7] (clocked by clk_out1_mc_top_clk_wiz_0_1). Large setup violations at the end of those stages might be difficult to fix during the post-placement implementation flow and could be the result of non-optimal XDC constraints or non-optimal design architecture
Related violations: <none>

TIMING-16#67 Warning
Large setup violation  
There is a large setup violation of -1.510 ns between mc_top_i/core_top_wrapper_0/inst/core_top_intf_wrapper_inst/core_top_inst/exe_unit/o_id_rs2_reg[1]/C (clocked by clk_out1_mc_top_clk_wiz_0) and mc_top_i/core_top_wrapper_0/inst/core_top_intf_wrapper_inst/core_top_inst/mem_access_unit/dcache/way_gen[1].data_cache_set/mem_reg_4/ADDRARDADDR[7] (clocked by clk_out1_mc_top_clk_wiz_0). Large setup violations at the end of those stages might be difficult to fix during the post-placement implementation flow and could be the result of non-optimal XDC constraints or non-optimal design architecture
Related violations: <none>

TIMING-16#68 Warning
Large setup violation  
There is a large setup violation of -1.519 ns between mc_top_i/core_top_wrapper_0/inst/core_top_intf_wrapper_inst/core_top_inst/exe_unit/o_id_rs2_reg[1]/C (clocked by clk_out1_mc_top_clk_wiz_0) and mc_top_i/core_top_wrapper_0/inst/core_top_intf_wrapper_inst/core_top_inst/exe_unit/o_cu_memaccess_reg/D (clocked by clk_out1_mc_top_clk_wiz_0_1). Large setup violations at the end of those stages might be difficult to fix during the post-placement implementation flow and could be the result of non-optimal XDC constraints or non-optimal design architecture
Related violations: <none>

TIMING-16#69 Warning
Large setup violation  
There is a large setup violation of -1.646 ns between mc_top_i/core_top_wrapper_0/inst/core_top_intf_wrapper_inst/core_top_inst/exe_unit/o_id_rs2_reg[1]/C (clocked by clk_out1_mc_top_clk_wiz_0) and mc_top_i/core_top_wrapper_0/inst/core_top_intf_wrapper_inst/core_top_inst/mem_access_unit/dcache/way_gen[0].data_cache_set/mem_reg_6/ADDRBWRADDR[7] (clocked by clk_out1_mc_top_clk_wiz_0). Large setup violations at the end of those stages might be difficult to fix during the post-placement implementation flow and could be the result of non-optimal XDC constraints or non-optimal design architecture
Related violations: <none>

TIMING-16#70 Warning
Large setup violation  
There is a large setup violation of -1.647 ns between mc_top_i/core_top_wrapper_0/inst/core_top_intf_wrapper_inst/core_top_inst/exe_unit/o_id_rs2_reg[1]/C (clocked by clk_out1_mc_top_clk_wiz_0) and mc_top_i/core_top_wrapper_0/inst/core_top_intf_wrapper_inst/core_top_inst/mem_access_unit/dcache/way_gen[0].data_cache_set/mem_reg_6/ADDRARDADDR[7] (clocked by clk_out1_mc_top_clk_wiz_0). Large setup violations at the end of those stages might be difficult to fix during the post-placement implementation flow and could be the result of non-optimal XDC constraints or non-optimal design architecture
Related violations: <none>

TIMING-16#71 Warning
Large setup violation  
There is a large setup violation of -1.697 ns between mc_top_i/core_top_wrapper_0/inst/core_top_intf_wrapper_inst/core_top_inst/exe_unit/o_id_rs2_reg[1]/C (clocked by clk_out1_mc_top_clk_wiz_0) and mc_top_i/core_top_wrapper_0/inst/core_top_intf_wrapper_inst/core_top_inst/exe_unit/o_cu_regwrite_reg/D (clocked by clk_out1_mc_top_clk_wiz_0_1). Large setup violations at the end of those stages might be difficult to fix during the post-placement implementation flow and could be the result of non-optimal XDC constraints or non-optimal design architecture
Related violations: <none>

TIMING-16#72 Warning
Large setup violation  
There is a large setup violation of -1.895 ns between mc_top_i/core_top_wrapper_0/inst/core_top_intf_wrapper_inst/core_top_inst/exe_unit/o_id_rs2_reg[1]/C (clocked by clk_out1_mc_top_clk_wiz_0) and mc_top_i/core_top_wrapper_0/inst/core_top_intf_wrapper_inst/core_top_inst/exe_unit/cu_jalr_reg/D (clocked by clk_out1_mc_top_clk_wiz_0). Large setup violations at the end of those stages might be difficult to fix during the post-placement implementation flow and could be the result of non-optimal XDC constraints or non-optimal design architecture
Related violations: <none>

TIMING-16#73 Warning
Large setup violation  
There is a large setup violation of -1.900 ns between mc_top_i/core_top_wrapper_0/inst/core_top_intf_wrapper_inst/core_top_inst/exe_unit/o_id_rs2_reg[1]/C (clocked by clk_out1_mc_top_clk_wiz_0) and mc_top_i/core_top_wrapper_0/inst/core_top_intf_wrapper_inst/core_top_inst/exe_unit/cu_exe_unit_reg[1]/D (clocked by clk_out1_mc_top_clk_wiz_0). Large setup violations at the end of those stages might be difficult to fix during the post-placement implementation flow and could be the result of non-optimal XDC constraints or non-optimal design architecture
Related violations: <none>

TIMING-16#74 Warning
Large setup violation  
There is a large setup violation of -1.933 ns between mc_top_i/core_top_wrapper_0/inst/core_top_intf_wrapper_inst/core_top_inst/exe_unit/o_id_rs2_reg[1]/C (clocked by clk_out1_mc_top_clk_wiz_0) and mc_top_i/core_top_wrapper_0/inst/core_top_intf_wrapper_inst/core_top_inst/mem_access_unit/dcache/plru_ram.plru_cache/o_data_reg[0]/D (clocked by clk_out1_mc_top_clk_wiz_0). Large setup violations at the end of those stages might be difficult to fix during the post-placement implementation flow and could be the result of non-optimal XDC constraints or non-optimal design architecture
Related violations: <none>

TIMING-16#75 Warning
Large setup violation  
There is a large setup violation of -1.945 ns between mc_top_i/core_top_wrapper_0/inst/core_top_intf_wrapper_inst/core_top_inst/exe_unit/o_id_rs2_reg[1]/C (clocked by clk_out1_mc_top_clk_wiz_0) and mc_top_i/core_top_wrapper_0/inst/core_top_intf_wrapper_inst/core_top_inst/exe_unit/cu_exe_unit_reg[0]/CE (clocked by clk_out1_mc_top_clk_wiz_0_1). Large setup violations at the end of those stages might be difficult to fix during the post-placement implementation flow and could be the result of non-optimal XDC constraints or non-optimal design architecture
Related violations: <none>

TIMING-16#76 Warning
Large setup violation  
There is a large setup violation of -1.957 ns between mc_top_i/core_top_wrapper_0/inst/core_top_intf_wrapper_inst/core_top_inst/exe_unit/o_id_rs2_reg[1]/C (clocked by clk_out1_mc_top_clk_wiz_0) and mc_top_i/core_top_wrapper_0/inst/core_top_intf_wrapper_inst/core_top_inst/exe_unit/o_cu_memwrite_reg/D (clocked by clk_out1_mc_top_clk_wiz_0_1). Large setup violations at the end of those stages might be difficult to fix during the post-placement implementation flow and could be the result of non-optimal XDC constraints or non-optimal design architecture
Related violations: <none>

TIMING-16#77 Warning
Large setup violation  
There is a large setup violation of -1.971 ns between mc_top_i/core_top_wrapper_0/inst/core_top_intf_wrapper_inst/core_top_inst/exe_unit/o_id_rs2_reg[1]/C (clocked by clk_out1_mc_top_clk_wiz_0) and mc_top_i/core_top_wrapper_0/inst/core_top_intf_wrapper_inst/core_top_inst/mem_access_unit/dcache/plru_ram.plru_cache/o_data_reg[1]/D (clocked by clk_out1_mc_top_clk_wiz_0). Large setup violations at the end of those stages might be difficult to fix during the post-placement implementation flow and could be the result of non-optimal XDC constraints or non-optimal design architecture
Related violations: <none>

TIMING-16#78 Warning
Large setup violation  
There is a large setup violation of -1.975 ns between mc_top_i/core_top_wrapper_0/inst/core_top_intf_wrapper_inst/core_top_inst/exe_unit/o_id_rs2_reg[1]/C (clocked by clk_out1_mc_top_clk_wiz_0) and mc_top_i/core_top_wrapper_0/inst/core_top_intf_wrapper_inst/core_top_inst/exe_unit/o_cu_memaccess_reg/CE (clocked by clk_out1_mc_top_clk_wiz_0_1). Large setup violations at the end of those stages might be difficult to fix during the post-placement implementation flow and could be the result of non-optimal XDC constraints or non-optimal design architecture
Related violations: <none>

TIMING-16#79 Warning
Large setup violation  
There is a large setup violation of -1.975 ns between mc_top_i/core_top_wrapper_0/inst/core_top_intf_wrapper_inst/core_top_inst/exe_unit/o_id_rs2_reg[1]/C (clocked by clk_out1_mc_top_clk_wiz_0) and mc_top_i/core_top_wrapper_0/inst/core_top_intf_wrapper_inst/core_top_inst/exe_unit/o_cu_memwrite_reg/CE (clocked by clk_out1_mc_top_clk_wiz_0_1). Large setup violations at the end of those stages might be difficult to fix during the post-placement implementation flow and could be the result of non-optimal XDC constraints or non-optimal design architecture
Related violations: <none>

TIMING-16#80 Warning
Large setup violation  
There is a large setup violation of -1.985 ns between mc_top_i/core_top_wrapper_0/inst/core_top_intf_wrapper_inst/core_top_inst/exe_unit/o_id_rs2_reg[1]/C (clocked by clk_out1_mc_top_clk_wiz_0) and mc_top_i/core_top_wrapper_0/inst/core_top_intf_wrapper_inst/core_top_inst/exe_unit/cu_exe_unit_reg[0]/D (clocked by clk_out1_mc_top_clk_wiz_0_1). Large setup violations at the end of those stages might be difficult to fix during the post-placement implementation flow and could be the result of non-optimal XDC constraints or non-optimal design architecture
Related violations: <none>

TIMING-16#81 Warning
Large setup violation  
There is a large setup violation of -2.023 ns between mc_top_i/core_top_wrapper_0/inst/core_top_intf_wrapper_inst/core_top_inst/exe_unit/o_id_rs2_reg[1]/C (clocked by clk_out1_mc_top_clk_wiz_0) and mc_top_i/core_top_wrapper_0/inst/core_top_intf_wrapper_inst/core_top_inst/exe_unit/cu_exe_unit_reg[1]/CE (clocked by clk_out1_mc_top_clk_wiz_0). Large setup violations at the end of those stages might be difficult to fix during the post-placement implementation flow and could be the result of non-optimal XDC constraints or non-optimal design architecture
Related violations: <none>

TIMING-16#82 Warning
Large setup violation  
There is a large setup violation of -2.023 ns between mc_top_i/core_top_wrapper_0/inst/core_top_intf_wrapper_inst/core_top_inst/exe_unit/o_id_rs2_reg[1]/C (clocked by clk_out1_mc_top_clk_wiz_0) and mc_top_i/core_top_wrapper_0/inst/core_top_intf_wrapper_inst/core_top_inst/exe_unit/cu_jalr_reg/CE (clocked by clk_out1_mc_top_clk_wiz_0). Large setup violations at the end of those stages might be difficult to fix during the post-placement implementation flow and could be the result of non-optimal XDC constraints or non-optimal design architecture
Related violations: <none>

TIMING-16#83 Warning
Large setup violation  
There is a large setup violation of -2.151 ns between mc_top_i/core_top_wrapper_0/inst/core_top_intf_wrapper_inst/core_top_inst/exe_unit/o_id_rs2_reg[1]/C (clocked by clk_out1_mc_top_clk_wiz_0) and mc_top_i/core_top_wrapper_0/inst/core_top_intf_wrapper_inst/core_top_inst/exe_unit/o_cu_regwrite_reg/CE (clocked by clk_out1_mc_top_clk_wiz_0_1). Large setup violations at the end of those stages might be difficult to fix during the post-placement implementation flow and could be the result of non-optimal XDC constraints or non-optimal design architecture
Related violations: <none>

TIMING-18#1 Warning
Missing input or output delay  
An input delay is missing on reset_n relative to clock(s) ddr_clock, sys_clk_pin
Related violations: <none>

TIMING-18#2 Warning
Missing input or output delay  
An input delay is missing on uart_rxd relative to clock(s) ddr_clock, sys_clk_pin
Related violations: <none>

TIMING-18#3 Warning
Missing input or output delay  
An output delay is missing on uart_txd relative to clock(s) ddr_clock, sys_clk_pin
Related violations: <none>

TIMING-20#1 Warning
Non-clocked latch  
The latch mc_top_i/core_top_wrapper_0/inst/core_top_intf_wrapper_inst/core_top_inst/mem_access_unit/dcache/cache_controller/data_reg[0] cannot be properly analyzed as its control pin mc_top_i/core_top_wrapper_0/inst/core_top_intf_wrapper_inst/core_top_inst/mem_access_unit/dcache/cache_controller/data_reg[0]/G is not reached by a timing clock
Related violations: <none>

TIMING-20#2 Warning
Non-clocked latch  
The latch mc_top_i/core_top_wrapper_0/inst/core_top_intf_wrapper_inst/core_top_inst/mem_access_unit/dcache/cache_controller/data_reg[10] cannot be properly analyzed as its control pin mc_top_i/core_top_wrapper_0/inst/core_top_intf_wrapper_inst/core_top_inst/mem_access_unit/dcache/cache_controller/data_reg[10]/G is not reached by a timing clock
Related violations: <none>

TIMING-20#3 Warning
Non-clocked latch  
The latch mc_top_i/core_top_wrapper_0/inst/core_top_intf_wrapper_inst/core_top_inst/mem_access_unit/dcache/cache_controller/data_reg[11] cannot be properly analyzed as its control pin mc_top_i/core_top_wrapper_0/inst/core_top_intf_wrapper_inst/core_top_inst/mem_access_unit/dcache/cache_controller/data_reg[11]/G is not reached by a timing clock
Related violations: <none>

TIMING-20#4 Warning
Non-clocked latch  
The latch mc_top_i/core_top_wrapper_0/inst/core_top_intf_wrapper_inst/core_top_inst/mem_access_unit/dcache/cache_controller/data_reg[12] cannot be properly analyzed as its control pin mc_top_i/core_top_wrapper_0/inst/core_top_intf_wrapper_inst/core_top_inst/mem_access_unit/dcache/cache_controller/data_reg[12]/G is not reached by a timing clock
Related violations: <none>

TIMING-20#5 Warning
Non-clocked latch  
The latch mc_top_i/core_top_wrapper_0/inst/core_top_intf_wrapper_inst/core_top_inst/mem_access_unit/dcache/cache_controller/data_reg[13] cannot be properly analyzed as its control pin mc_top_i/core_top_wrapper_0/inst/core_top_intf_wrapper_inst/core_top_inst/mem_access_unit/dcache/cache_controller/data_reg[13]/G is not reached by a timing clock
Related violations: <none>

TIMING-20#6 Warning
Non-clocked latch  
The latch mc_top_i/core_top_wrapper_0/inst/core_top_intf_wrapper_inst/core_top_inst/mem_access_unit/dcache/cache_controller/data_reg[14] cannot be properly analyzed as its control pin mc_top_i/core_top_wrapper_0/inst/core_top_intf_wrapper_inst/core_top_inst/mem_access_unit/dcache/cache_controller/data_reg[14]/G is not reached by a timing clock
Related violations: <none>

TIMING-20#7 Warning
Non-clocked latch  
The latch mc_top_i/core_top_wrapper_0/inst/core_top_intf_wrapper_inst/core_top_inst/mem_access_unit/dcache/cache_controller/data_reg[15] cannot be properly analyzed as its control pin mc_top_i/core_top_wrapper_0/inst/core_top_intf_wrapper_inst/core_top_inst/mem_access_unit/dcache/cache_controller/data_reg[15]/G is not reached by a timing clock
Related violations: <none>

TIMING-20#8 Warning
Non-clocked latch  
The latch mc_top_i/core_top_wrapper_0/inst/core_top_intf_wrapper_inst/core_top_inst/mem_access_unit/dcache/cache_controller/data_reg[16] cannot be properly analyzed as its control pin mc_top_i/core_top_wrapper_0/inst/core_top_intf_wrapper_inst/core_top_inst/mem_access_unit/dcache/cache_controller/data_reg[16]/G is not reached by a timing clock
Related violations: <none>

TIMING-20#9 Warning
Non-clocked latch  
The latch mc_top_i/core_top_wrapper_0/inst/core_top_intf_wrapper_inst/core_top_inst/mem_access_unit/dcache/cache_controller/data_reg[17] cannot be properly analyzed as its control pin mc_top_i/core_top_wrapper_0/inst/core_top_intf_wrapper_inst/core_top_inst/mem_access_unit/dcache/cache_controller/data_reg[17]/G is not reached by a timing clock
Related violations: <none>

TIMING-20#10 Warning
Non-clocked latch  
The latch mc_top_i/core_top_wrapper_0/inst/core_top_intf_wrapper_inst/core_top_inst/mem_access_unit/dcache/cache_controller/data_reg[18] cannot be properly analyzed as its control pin mc_top_i/core_top_wrapper_0/inst/core_top_intf_wrapper_inst/core_top_inst/mem_access_unit/dcache/cache_controller/data_reg[18]/G is not reached by a timing clock
Related violations: <none>

TIMING-20#11 Warning
Non-clocked latch  
The latch mc_top_i/core_top_wrapper_0/inst/core_top_intf_wrapper_inst/core_top_inst/mem_access_unit/dcache/cache_controller/data_reg[19] cannot be properly analyzed as its control pin mc_top_i/core_top_wrapper_0/inst/core_top_intf_wrapper_inst/core_top_inst/mem_access_unit/dcache/cache_controller/data_reg[19]/G is not reached by a timing clock
Related violations: <none>

TIMING-20#12 Warning
Non-clocked latch  
The latch mc_top_i/core_top_wrapper_0/inst/core_top_intf_wrapper_inst/core_top_inst/mem_access_unit/dcache/cache_controller/data_reg[1] cannot be properly analyzed as its control pin mc_top_i/core_top_wrapper_0/inst/core_top_intf_wrapper_inst/core_top_inst/mem_access_unit/dcache/cache_controller/data_reg[1]/G is not reached by a timing clock
Related violations: <none>

TIMING-20#13 Warning
Non-clocked latch  
The latch mc_top_i/core_top_wrapper_0/inst/core_top_intf_wrapper_inst/core_top_inst/mem_access_unit/dcache/cache_controller/data_reg[20] cannot be properly analyzed as its control pin mc_top_i/core_top_wrapper_0/inst/core_top_intf_wrapper_inst/core_top_inst/mem_access_unit/dcache/cache_controller/data_reg[20]/G is not reached by a timing clock
Related violations: <none>

TIMING-20#14 Warning
Non-clocked latch  
The latch mc_top_i/core_top_wrapper_0/inst/core_top_intf_wrapper_inst/core_top_inst/mem_access_unit/dcache/cache_controller/data_reg[21] cannot be properly analyzed as its control pin mc_top_i/core_top_wrapper_0/inst/core_top_intf_wrapper_inst/core_top_inst/mem_access_unit/dcache/cache_controller/data_reg[21]/G is not reached by a timing clock
Related violations: <none>

TIMING-20#15 Warning
Non-clocked latch  
The latch mc_top_i/core_top_wrapper_0/inst/core_top_intf_wrapper_inst/core_top_inst/mem_access_unit/dcache/cache_controller/data_reg[22] cannot be properly analyzed as its control pin mc_top_i/core_top_wrapper_0/inst/core_top_intf_wrapper_inst/core_top_inst/mem_access_unit/dcache/cache_controller/data_reg[22]/G is not reached by a timing clock
Related violations: <none>

TIMING-20#16 Warning
Non-clocked latch  
The latch mc_top_i/core_top_wrapper_0/inst/core_top_intf_wrapper_inst/core_top_inst/mem_access_unit/dcache/cache_controller/data_reg[23] cannot be properly analyzed as its control pin mc_top_i/core_top_wrapper_0/inst/core_top_intf_wrapper_inst/core_top_inst/mem_access_unit/dcache/cache_controller/data_reg[23]/G is not reached by a timing clock
Related violations: <none>

TIMING-20#17 Warning
Non-clocked latch  
The latch mc_top_i/core_top_wrapper_0/inst/core_top_intf_wrapper_inst/core_top_inst/mem_access_unit/dcache/cache_controller/data_reg[24] cannot be properly analyzed as its control pin mc_top_i/core_top_wrapper_0/inst/core_top_intf_wrapper_inst/core_top_inst/mem_access_unit/dcache/cache_controller/data_reg[24]/G is not reached by a timing clock
Related violations: <none>

TIMING-20#18 Warning
Non-clocked latch  
The latch mc_top_i/core_top_wrapper_0/inst/core_top_intf_wrapper_inst/core_top_inst/mem_access_unit/dcache/cache_controller/data_reg[25] cannot be properly analyzed as its control pin mc_top_i/core_top_wrapper_0/inst/core_top_intf_wrapper_inst/core_top_inst/mem_access_unit/dcache/cache_controller/data_reg[25]/G is not reached by a timing clock
Related violations: <none>

TIMING-20#19 Warning
Non-clocked latch  
The latch mc_top_i/core_top_wrapper_0/inst/core_top_intf_wrapper_inst/core_top_inst/mem_access_unit/dcache/cache_controller/data_reg[26] cannot be properly analyzed as its control pin mc_top_i/core_top_wrapper_0/inst/core_top_intf_wrapper_inst/core_top_inst/mem_access_unit/dcache/cache_controller/data_reg[26]/G is not reached by a timing clock
Related violations: <none>

TIMING-20#20 Warning
Non-clocked latch  
The latch mc_top_i/core_top_wrapper_0/inst/core_top_intf_wrapper_inst/core_top_inst/mem_access_unit/dcache/cache_controller/data_reg[27] cannot be properly analyzed as its control pin mc_top_i/core_top_wrapper_0/inst/core_top_intf_wrapper_inst/core_top_inst/mem_access_unit/dcache/cache_controller/data_reg[27]/G is not reached by a timing clock
Related violations: <none>

TIMING-20#21 Warning
Non-clocked latch  
The latch mc_top_i/core_top_wrapper_0/inst/core_top_intf_wrapper_inst/core_top_inst/mem_access_unit/dcache/cache_controller/data_reg[28] cannot be properly analyzed as its control pin mc_top_i/core_top_wrapper_0/inst/core_top_intf_wrapper_inst/core_top_inst/mem_access_unit/dcache/cache_controller/data_reg[28]/G is not reached by a timing clock
Related violations: <none>

TIMING-20#22 Warning
Non-clocked latch  
The latch mc_top_i/core_top_wrapper_0/inst/core_top_intf_wrapper_inst/core_top_inst/mem_access_unit/dcache/cache_controller/data_reg[29] cannot be properly analyzed as its control pin mc_top_i/core_top_wrapper_0/inst/core_top_intf_wrapper_inst/core_top_inst/mem_access_unit/dcache/cache_controller/data_reg[29]/G is not reached by a timing clock
Related violations: <none>

TIMING-20#23 Warning
Non-clocked latch  
The latch mc_top_i/core_top_wrapper_0/inst/core_top_intf_wrapper_inst/core_top_inst/mem_access_unit/dcache/cache_controller/data_reg[2] cannot be properly analyzed as its control pin mc_top_i/core_top_wrapper_0/inst/core_top_intf_wrapper_inst/core_top_inst/mem_access_unit/dcache/cache_controller/data_reg[2]/G is not reached by a timing clock
Related violations: <none>

TIMING-20#24 Warning
Non-clocked latch  
The latch mc_top_i/core_top_wrapper_0/inst/core_top_intf_wrapper_inst/core_top_inst/mem_access_unit/dcache/cache_controller/data_reg[30] cannot be properly analyzed as its control pin mc_top_i/core_top_wrapper_0/inst/core_top_intf_wrapper_inst/core_top_inst/mem_access_unit/dcache/cache_controller/data_reg[30]/G is not reached by a timing clock
Related violations: <none>

TIMING-20#25 Warning
Non-clocked latch  
The latch mc_top_i/core_top_wrapper_0/inst/core_top_intf_wrapper_inst/core_top_inst/mem_access_unit/dcache/cache_controller/data_reg[31] cannot be properly analyzed as its control pin mc_top_i/core_top_wrapper_0/inst/core_top_intf_wrapper_inst/core_top_inst/mem_access_unit/dcache/cache_controller/data_reg[31]/G is not reached by a timing clock
Related violations: <none>

TIMING-20#26 Warning
Non-clocked latch  
The latch mc_top_i/core_top_wrapper_0/inst/core_top_intf_wrapper_inst/core_top_inst/mem_access_unit/dcache/cache_controller/data_reg[3] cannot be properly analyzed as its control pin mc_top_i/core_top_wrapper_0/inst/core_top_intf_wrapper_inst/core_top_inst/mem_access_unit/dcache/cache_controller/data_reg[3]/G is not reached by a timing clock
Related violations: <none>

TIMING-20#27 Warning
Non-clocked latch  
The latch mc_top_i/core_top_wrapper_0/inst/core_top_intf_wrapper_inst/core_top_inst/mem_access_unit/dcache/cache_controller/data_reg[4] cannot be properly analyzed as its control pin mc_top_i/core_top_wrapper_0/inst/core_top_intf_wrapper_inst/core_top_inst/mem_access_unit/dcache/cache_controller/data_reg[4]/G is not reached by a timing clock
Related violations: <none>

TIMING-20#28 Warning
Non-clocked latch  
The latch mc_top_i/core_top_wrapper_0/inst/core_top_intf_wrapper_inst/core_top_inst/mem_access_unit/dcache/cache_controller/data_reg[5] cannot be properly analyzed as its control pin mc_top_i/core_top_wrapper_0/inst/core_top_intf_wrapper_inst/core_top_inst/mem_access_unit/dcache/cache_controller/data_reg[5]/G is not reached by a timing clock
Related violations: <none>

TIMING-20#29 Warning
Non-clocked latch  
The latch mc_top_i/core_top_wrapper_0/inst/core_top_intf_wrapper_inst/core_top_inst/mem_access_unit/dcache/cache_controller/data_reg[6] cannot be properly analyzed as its control pin mc_top_i/core_top_wrapper_0/inst/core_top_intf_wrapper_inst/core_top_inst/mem_access_unit/dcache/cache_controller/data_reg[6]/G is not reached by a timing clock
Related violations: <none>

TIMING-20#30 Warning
Non-clocked latch  
The latch mc_top_i/core_top_wrapper_0/inst/core_top_intf_wrapper_inst/core_top_inst/mem_access_unit/dcache/cache_controller/data_reg[7] cannot be properly analyzed as its control pin mc_top_i/core_top_wrapper_0/inst/core_top_intf_wrapper_inst/core_top_inst/mem_access_unit/dcache/cache_controller/data_reg[7]/G is not reached by a timing clock
Related violations: <none>

TIMING-20#31 Warning
Non-clocked latch  
The latch mc_top_i/core_top_wrapper_0/inst/core_top_intf_wrapper_inst/core_top_inst/mem_access_unit/dcache/cache_controller/data_reg[8] cannot be properly analyzed as its control pin mc_top_i/core_top_wrapper_0/inst/core_top_intf_wrapper_inst/core_top_inst/mem_access_unit/dcache/cache_controller/data_reg[8]/G is not reached by a timing clock
Related violations: <none>

TIMING-20#32 Warning
Non-clocked latch  
The latch mc_top_i/core_top_wrapper_0/inst/core_top_intf_wrapper_inst/core_top_inst/mem_access_unit/dcache/cache_controller/data_reg[9] cannot be properly analyzed as its control pin mc_top_i/core_top_wrapper_0/inst/core_top_intf_wrapper_inst/core_top_inst/mem_access_unit/dcache/cache_controller/data_reg[9]/G is not reached by a timing clock
Related violations: <none>

TIMING-38#1 Warning
Bus skew constraint applied on multiple clocks  
Multiple clocks involved on source or destination of a bus skew constraint (see constraint position 14 in the Timing Constraint Window in Vivado IDE). It is recommended to have only one source clock and one destination clock per bus skew constraint. First endpoint covered by the constraint: mc_top_i/jtag_master/inst/jtag_axi_engine_u/rx_fifo_i/inst_fifo_gen/gconvfifo.rf/grf.rf/gntv_or_sync_fifo.gcx.clkx/rd_pntr_cdc_inst/dest_graysync_ff_reg[0][0]/D
Related violations: <none>

TIMING-38#2 Warning
Bus skew constraint applied on multiple clocks  
Multiple clocks involved on source or destination of a bus skew constraint (see constraint position 16 in the Timing Constraint Window in Vivado IDE). It is recommended to have only one source clock and one destination clock per bus skew constraint. First endpoint covered by the constraint: mc_top_i/jtag_master/inst/jtag_axi_engine_u/tx_fifo_i/inst_fifo_gen/gconvfifo.rf/grf.rf/gntv_or_sync_fifo.gcx.clkx/wr_pntr_cdc_inst/dest_graysync_ff_reg[0][0]/D
Related violations: <none>

TIMING-38#3 Warning
Bus skew constraint applied on multiple clocks  
Multiple clocks involved on source or destination of a bus skew constraint (see constraint position 18 in the Timing Constraint Window in Vivado IDE). It is recommended to have only one source clock and one destination clock per bus skew constraint. First endpoint covered by the constraint: mc_top_i/jtag_master/inst/jtag_axi_engine_u/tx_fifo_i/inst_fifo_gen/gconvfifo.rf/grf.rf/gntv_or_sync_fifo.gcx.clkx/rd_pntr_cdc_inst/dest_graysync_ff_reg[0][0]/D
Related violations: <none>

TIMING-38#4 Warning
Bus skew constraint applied on multiple clocks  
Multiple clocks involved on source or destination of a bus skew constraint (see constraint position 20 in the Timing Constraint Window in Vivado IDE). It is recommended to have only one source clock and one destination clock per bus skew constraint. First endpoint covered by the constraint: mc_top_i/jtag_master/inst/jtag_axi_engine_u/rx_fifo_i/inst_fifo_gen/gconvfifo.rf/grf.rf/gntv_or_sync_fifo.gcx.clkx/wr_pntr_cdc_inst/dest_graysync_ff_reg[0][0]/D
Related violations: <none>

TIMING-38#5 Warning
Bus skew constraint applied on multiple clocks  
Multiple clocks involved on source or destination of a bus skew constraint (see constraint position 22 in the Timing Constraint Window in Vivado IDE). It is recommended to have only one source clock and one destination clock per bus skew constraint. First endpoint covered by the constraint: mc_top_i/jtag_master/inst/jtag_axi_engine_u/rd_cmd_fifo_i/inst_fifo_gen/gconvfifo.rf/grf.rf/gntv_or_sync_fifo.gcx.clkx/rd_pntr_cdc_inst/dest_graysync_ff_reg[0][0]/D
Related violations: <none>

TIMING-38#6 Warning
Bus skew constraint applied on multiple clocks  
Multiple clocks involved on source or destination of a bus skew constraint (see constraint position 24 in the Timing Constraint Window in Vivado IDE). It is recommended to have only one source clock and one destination clock per bus skew constraint. First endpoint covered by the constraint: mc_top_i/jtag_master/inst/jtag_axi_engine_u/wr_cmd_fifo_i/inst_fifo_gen/gconvfifo.rf/grf.rf/gntv_or_sync_fifo.gcx.clkx/wr_pntr_cdc_inst/dest_graysync_ff_reg[0][0]/D
Related violations: <none>

TIMING-38#7 Warning
Bus skew constraint applied on multiple clocks  
Multiple clocks involved on source or destination of a bus skew constraint (see constraint position 26 in the Timing Constraint Window in Vivado IDE). It is recommended to have only one source clock and one destination clock per bus skew constraint. First endpoint covered by the constraint: mc_top_i/jtag_master/inst/jtag_axi_engine_u/wr_cmd_fifo_i/inst_fifo_gen/gconvfifo.rf/grf.rf/gntv_or_sync_fifo.gcx.clkx/rd_pntr_cdc_inst/dest_graysync_ff_reg[0][0]/D
Related violations: <none>

TIMING-38#8 Warning
Bus skew constraint applied on multiple clocks  
Multiple clocks involved on source or destination of a bus skew constraint (see constraint position 28 in the Timing Constraint Window in Vivado IDE). It is recommended to have only one source clock and one destination clock per bus skew constraint. First endpoint covered by the constraint: mc_top_i/jtag_master/inst/jtag_axi_engine_u/rd_cmd_fifo_i/inst_fifo_gen/gconvfifo.rf/grf.rf/gntv_or_sync_fifo.gcx.clkx/wr_pntr_cdc_inst/dest_graysync_ff_reg[0][0]/D
Related violations: <none>

TIMING-38#9 Warning
Bus skew constraint applied on multiple clocks  
Multiple clocks involved on source or destination of a bus skew constraint (see constraint position 32 in the Timing Constraint Window in Vivado IDE). It is recommended to have only one source clock and one destination clock per bus skew constraint. First endpoint covered by the constraint: dbg_hub/inst/BSCANID.u_xsdbm_id/CORE_XSDB.UUT_MASTER/U_ICON_INTERFACE/U_CMD6_RD/U_RD_FIFO/SUBCORE_FIFO.xsdbm_v3_0_0_rdfifo_inst/inst_fifo_gen/gconvfifo.rf/grf.rf/gntv_or_sync_fifo.gcx.clkx/gnxpm_cdc.gsync_stage[1].wr_stg_inst/Q_reg_reg[0]/D
Related violations: <none>

TIMING-38#10 Warning
Bus skew constraint applied on multiple clocks  
Multiple clocks involved on source or destination of a bus skew constraint (see constraint position 34 in the Timing Constraint Window in Vivado IDE). It is recommended to have only one source clock and one destination clock per bus skew constraint. First endpoint covered by the constraint: dbg_hub/inst/BSCANID.u_xsdbm_id/CORE_XSDB.UUT_MASTER/U_ICON_INTERFACE/U_CMD6_RD/U_RD_FIFO/SUBCORE_FIFO.xsdbm_v3_0_0_rdfifo_inst/inst_fifo_gen/gconvfifo.rf/grf.rf/gntv_or_sync_fifo.gcx.clkx/gnxpm_cdc.gsync_stage[1].rd_stg_inst/Q_reg_reg[0]/D
Related violations: <none>

TIMING-38#11 Warning
Bus skew constraint applied on multiple clocks  
Multiple clocks involved on source or destination of a bus skew constraint (see constraint position 37 in the Timing Constraint Window in Vivado IDE). It is recommended to have only one source clock and one destination clock per bus skew constraint. First endpoint covered by the constraint: dbg_hub/inst/BSCANID.u_xsdbm_id/CORE_XSDB.UUT_MASTER/U_ICON_INTERFACE/U_CMD6_WR/U_WR_FIFO/SUBCORE_FIFO.xsdbm_v3_0_0_wrfifo_inst/inst_fifo_gen/gconvfifo.rf/grf.rf/gntv_or_sync_fifo.gcx.clkx/gnxpm_cdc.gsync_stage[1].wr_stg_inst/Q_reg_reg[0]/D
Related violations: <none>

TIMING-38#12 Warning
Bus skew constraint applied on multiple clocks  
Multiple clocks involved on source or destination of a bus skew constraint (see constraint position 39 in the Timing Constraint Window in Vivado IDE). It is recommended to have only one source clock and one destination clock per bus skew constraint. First endpoint covered by the constraint: dbg_hub/inst/BSCANID.u_xsdbm_id/CORE_XSDB.UUT_MASTER/U_ICON_INTERFACE/U_CMD6_WR/U_WR_FIFO/SUBCORE_FIFO.xsdbm_v3_0_0_wrfifo_inst/inst_fifo_gen/gconvfifo.rf/grf.rf/gntv_or_sync_fifo.gcx.clkx/gnxpm_cdc.gsync_stage[1].rd_stg_inst/Q_reg_reg[0]/D
Related violations: <none>


